{"/Users/venkeyy_10/Desktop/stroke-shield-main/client/src/App.js": {"path":"/Users/venkeyy_10/Desktop/stroke-shield-main/client/src/App.js","statementMap":{"0":{"start":{"line":17,"column":27},"end":{"line":17,"column":78}},"1":{"start":{"line":18,"column":27},"end":{"line":18,"column":78}},"2":{"start":{"line":19,"column":25},"end":{"line":19,"column":72}},"3":{"start":{"line":20,"column":26},"end":{"line":20,"column":75}},"4":{"start":{"line":23,"column":48},"end":{"line":23,"column":62}},"5":{"start":{"line":24,"column":40},"end":{"line":24,"column":54}},"6":{"start":{"line":25,"column":40},"end":{"line":25,"column":55}},"7":{"start":{"line":26,"column":50},"end":{"line":26,"column":62}},"8":{"start":{"line":27,"column":46},"end":{"line":27,"column":58}},"9":{"start":{"line":28,"column":44},"end":{"line":28,"column":56}},"10":{"start":{"line":29,"column":36},"end":{"line":29,"column":51}},"11":{"start":{"line":30,"column":54},"end":{"line":30,"column":66}},"12":{"start":{"line":31,"column":42},"end":{"line":31,"column":61}},"13":{"start":{"line":32,"column":36},"end":{"line":32,"column":57}},"14":{"start":{"line":33,"column":58},"end":{"line":33,"column":73}},"15":{"start":{"line":34,"column":34},"end":{"line":34,"column":49}},"16":{"start":{"line":36,"column":20},"end":{"line":36,"column":32}},"17":{"start":{"line":37,"column":20},"end":{"line":37,"column":32}},"18":{"start":{"line":38,"column":22},"end":{"line":38,"column":34}},"19":{"start":{"line":40,"column":26},"end":{"line":51,"column":3}},"20":{"start":{"line":41,"column":4},"end":{"line":50,"column":5}},"21":{"start":{"line":42,"column":6},"end":{"line":42,"column":36}},"22":{"start":{"line":44,"column":6},"end":{"line":47,"column":15}},"23":{"start":{"line":45,"column":8},"end":{"line":45,"column":39}},"24":{"start":{"line":46,"column":8},"end":{"line":46,"column":29}},"25":{"start":{"line":49,"column":6},"end":{"line":49,"column":28}},"26":{"start":{"line":53,"column":23},"end":{"line":61,"column":3}},"27":{"start":{"line":54,"column":4},"end":{"line":54,"column":29}},"28":{"start":{"line":55,"column":4},"end":{"line":55,"column":25}},"29":{"start":{"line":56,"column":4},"end":{"line":56,"column":28}},"30":{"start":{"line":57,"column":4},"end":{"line":57,"column":26}},"31":{"start":{"line":58,"column":4},"end":{"line":58,"column":25}},"32":{"start":{"line":59,"column":4},"end":{"line":59,"column":24}},"33":{"start":{"line":60,"column":4},"end":{"line":60,"column":30}},"34":{"start":{"line":64,"column":2},"end":{"line":93,"column":52}},"35":{"start":{"line":65,"column":20},"end":{"line":66,"column":58}},"36":{"start":{"line":68,"column":4},"end":{"line":92,"column":5}},"37":{"start":{"line":70,"column":23},"end":{"line":88,"column":7}},"38":{"start":{"line":71,"column":8},"end":{"line":87,"column":9}},"39":{"start":{"line":72,"column":33},"end":{"line":76,"column":11}},"40":{"start":{"line":79,"column":36},"end":{"line":79,"column":66}},"41":{"start":{"line":80,"column":10},"end":{"line":84,"column":11}},"42":{"start":{"line":81,"column":12},"end":{"line":81,"column":60}},"43":{"start":{"line":82,"column":12},"end":{"line":82,"column":52}},"44":{"start":{"line":83,"column":12},"end":{"line":83,"column":49}},"45":{"start":{"line":86,"column":10},"end":{"line":86,"column":66}},"46":{"start":{"line":90,"column":24},"end":{"line":90,"column":50}},"47":{"start":{"line":91,"column":6},"end":{"line":91,"column":43}},"48":{"start":{"line":91,"column":19},"end":{"line":91,"column":42}},"49":{"start":{"line":96,"column":2},"end":{"line":113,"column":9}},"50":{"start":{"line":97,"column":30},"end":{"line":105,"column":5}},"51":{"start":{"line":98,"column":6},"end":{"line":104,"column":7}},"52":{"start":{"line":99,"column":8},"end":{"line":99,"column":39}},"53":{"start":{"line":100,"column":8},"end":{"line":100,"column":37}},"54":{"start":{"line":102,"column":8},"end":{"line":102,"column":40}},"55":{"start":{"line":103,"column":8},"end":{"line":103,"column":60}},"56":{"start":{"line":107,"column":4},"end":{"line":107,"column":24}},"57":{"start":{"line":110,"column":4},"end":{"line":112,"column":5}},"58":{"start":{"line":111,"column":6},"end":{"line":111,"column":31}},"59":{"start":{"line":116,"column":36},"end":{"line":118,"column":3}},"60":{"start":{"line":117,"column":4},"end":{"line":117,"column":30}},"61":{"start":{"line":121,"column":21},"end":{"line":139,"column":3}},"62":{"start":{"line":122,"column":4},"end":{"line":138,"column":5}},"63":{"start":{"line":123,"column":6},"end":{"line":123,"column":24}},"64":{"start":{"line":124,"column":29},"end":{"line":129,"column":7}},"65":{"start":{"line":131,"column":6},"end":{"line":131,"column":54}},"66":{"start":{"line":132,"column":6},"end":{"line":132,"column":46}},"67":{"start":{"line":134,"column":6},"end":{"line":134,"column":57}},"68":{"start":{"line":135,"column":6},"end":{"line":135,"column":74}},"69":{"start":{"line":137,"column":6},"end":{"line":137,"column":25}},"70":{"start":{"line":142,"column":28},"end":{"line":146,"column":3}},"71":{"start":{"line":148,"column":22},"end":{"line":152,"column":3}},"72":{"start":{"line":154,"column":2},"end":{"line":458,"column":4}},"73":{"start":{"line":216,"column":14},"end":{"line":232,"column":30}},"74":{"start":{"line":218,"column":31},"end":{"line":218,"column":51}}},"fnMap":{"0":{"name":"App","decl":{"start":{"line":22,"column":9},"end":{"line":22,"column":12}},"loc":{"start":{"line":22,"column":15},"end":{"line":459,"column":1}},"line":22},"1":{"name":"(anonymous_1)","decl":{"start":{"line":40,"column":26},"end":{"line":40,"column":27}},"loc":{"start":{"line":40,"column":38},"end":{"line":51,"column":3}},"line":40},"2":{"name":"(anonymous_2)","decl":{"start":{"line":44,"column":17},"end":{"line":44,"column":18}},"loc":{"start":{"line":44,"column":23},"end":{"line":47,"column":7}},"line":44},"3":{"name":"(anonymous_3)","decl":{"start":{"line":53,"column":23},"end":{"line":53,"column":24}},"loc":{"start":{"line":53,"column":29},"end":{"line":61,"column":3}},"line":53},"4":{"name":"(anonymous_4)","decl":{"start":{"line":64,"column":12},"end":{"line":64,"column":13}},"loc":{"start":{"line":64,"column":18},"end":{"line":93,"column":3}},"line":64},"5":{"name":"(anonymous_5)","decl":{"start":{"line":70,"column":23},"end":{"line":70,"column":24}},"loc":{"start":{"line":70,"column":35},"end":{"line":88,"column":7}},"line":70},"6":{"name":"(anonymous_6)","decl":{"start":{"line":91,"column":13},"end":{"line":91,"column":14}},"loc":{"start":{"line":91,"column":19},"end":{"line":91,"column":42}},"line":91},"7":{"name":"(anonymous_7)","decl":{"start":{"line":96,"column":12},"end":{"line":96,"column":13}},"loc":{"start":{"line":96,"column":18},"end":{"line":113,"column":3}},"line":96},"8":{"name":"(anonymous_8)","decl":{"start":{"line":97,"column":30},"end":{"line":97,"column":31}},"loc":{"start":{"line":97,"column":42},"end":{"line":105,"column":5}},"line":97},"9":{"name":"(anonymous_9)","decl":{"start":{"line":116,"column":36},"end":{"line":116,"column":37}},"loc":{"start":{"line":116,"column":49},"end":{"line":118,"column":3}},"line":116},"10":{"name":"(anonymous_10)","decl":{"start":{"line":121,"column":21},"end":{"line":121,"column":22}},"loc":{"start":{"line":121,"column":33},"end":{"line":139,"column":3}},"line":121},"11":{"name":"(anonymous_11)","decl":{"start":{"line":215,"column":18},"end":{"line":215,"column":19}},"loc":{"start":{"line":216,"column":14},"end":{"line":232,"column":30}},"line":216},"12":{"name":"(anonymous_12)","decl":{"start":{"line":218,"column":25},"end":{"line":218,"column":26}},"loc":{"start":{"line":218,"column":31},"end":{"line":218,"column":51}},"line":218}},"branchMap":{"0":{"loc":{"start":{"line":41,"column":4},"end":{"line":50,"column":5}},"type":"if","locations":[{"start":{"line":41,"column":4},"end":{"line":50,"column":5}},{"start":{"line":48,"column":11},"end":{"line":50,"column":5}}],"line":41},"1":{"loc":{"start":{"line":65,"column":20},"end":{"line":66,"column":58}},"type":"binary-expr","locations":[{"start":{"line":65,"column":20},"end":{"line":65,"column":60}},{"start":{"line":66,"column":20},"end":{"line":66,"column":58}}],"line":65},"2":{"loc":{"start":{"line":68,"column":4},"end":{"line":92,"column":5}},"type":"if","locations":[{"start":{"line":68,"column":4},"end":{"line":92,"column":5}},{"start":{},"end":{}}],"line":68},"3":{"loc":{"start":{"line":68,"column":8},"end":{"line":68,"column":38}},"type":"binary-expr","locations":[{"start":{"line":68,"column":8},"end":{"line":68,"column":15}},{"start":{"line":68,"column":19},"end":{"line":68,"column":38}}],"line":68},"4":{"loc":{"start":{"line":80,"column":10},"end":{"line":84,"column":11}},"type":"if","locations":[{"start":{"line":80,"column":10},"end":{"line":84,"column":11}},{"start":{},"end":{}}],"line":80},"5":{"loc":{"start":{"line":110,"column":4},"end":{"line":112,"column":5}},"type":"if","locations":[{"start":{"line":110,"column":4},"end":{"line":112,"column":5}},{"start":{},"end":{}}],"line":110},"6":{"loc":{"start":{"line":183,"column":18},"end":{"line":187,"column":49}},"type":"cond-expr","locations":[{"start":{"line":184,"column":22},"end":{"line":184,"column":49}},{"start":{"line":185,"column":22},"end":{"line":187,"column":49}}],"line":183},"7":{"loc":{"start":{"line":185,"column":22},"end":{"line":187,"column":49}},"type":"cond-expr","locations":[{"start":{"line":186,"column":24},"end":{"line":186,"column":47}},{"start":{"line":187,"column":24},"end":{"line":187,"column":49}}],"line":185},"8":{"loc":{"start":{"line":193,"column":25},"end":{"line":193,"column":125}},"type":"cond-expr","locations":[{"start":{"line":193,"column":56},"end":{"line":193,"column":67}},{"start":{"line":193,"column":70},"end":{"line":193,"column":125}}],"line":193},"9":{"loc":{"start":{"line":193,"column":70},"end":{"line":193,"column":125}},"type":"cond-expr","locations":[{"start":{"line":193,"column":104},"end":{"line":193,"column":113}},{"start":{"line":193,"column":116},"end":{"line":193,"column":125}}],"line":193},"10":{"loc":{"start":{"line":220,"column":18},"end":{"line":222,"column":93}},"type":"cond-expr","locations":[{"start":{"line":221,"column":22},"end":{"line":221,"column":64}},{"start":{"line":222,"column":22},"end":{"line":222,"column":93}}],"line":220},"11":{"loc":{"start":{"line":229,"column":26},"end":{"line":229,"column":55}},"type":"cond-expr","locations":[{"start":{"line":229,"column":49},"end":{"line":229,"column":50}},{"start":{"line":229,"column":53},"end":{"line":229,"column":55}}],"line":229},"12":{"loc":{"start":{"line":241,"column":11},"end":{"line":394,"column":11}},"type":"binary-expr","locations":[{"start":{"line":241,"column":11},"end":{"line":241,"column":36}},{"start":{"line":242,"column":12},"end":{"line":393,"column":25}}],"line":241},"13":{"loc":{"start":{"line":269,"column":23},"end":{"line":280,"column":23}},"type":"cond-expr","locations":[{"start":{"line":270,"column":24},"end":{"line":270,"column":40}},{"start":{"line":272,"column":24},"end":{"line":279,"column":27}}],"line":269},"14":{"loc":{"start":{"line":288,"column":26},"end":{"line":290,"column":78}},"type":"cond-expr","locations":[{"start":{"line":289,"column":30},"end":{"line":289,"column":70}},{"start":{"line":290,"column":30},"end":{"line":290,"column":78}}],"line":288},"15":{"loc":{"start":{"line":294,"column":25},"end":{"line":294,"column":75}},"type":"cond-expr","locations":[{"start":{"line":294,"column":39},"end":{"line":294,"column":55}},{"start":{"line":294,"column":58},"end":{"line":294,"column":75}}],"line":294},"16":{"loc":{"start":{"line":332,"column":28},"end":{"line":332,"column":96}},"type":"cond-expr","locations":[{"start":{"line":332,"column":42},"end":{"line":332,"column":69}},{"start":{"line":332,"column":72},"end":{"line":332,"column":96}}],"line":332},"17":{"loc":{"start":{"line":334,"column":44},"end":{"line":334,"column":73}},"type":"cond-expr","locations":[{"start":{"line":334,"column":58},"end":{"line":334,"column":69}},{"start":{"line":334,"column":72},"end":{"line":334,"column":73}}],"line":334},"18":{"loc":{"start":{"line":335,"column":48},"end":{"line":335,"column":74}},"type":"cond-expr","locations":[{"start":{"line":335,"column":62},"end":{"line":335,"column":70}},{"start":{"line":335,"column":73},"end":{"line":335,"column":74}}],"line":335},"19":{"loc":{"start":{"line":336,"column":64},"end":{"line":336,"column":98}},"type":"cond-expr","locations":[{"start":{"line":336,"column":78},"end":{"line":336,"column":86}},{"start":{"line":336,"column":89},"end":{"line":336,"column":98}}],"line":336},"20":{"loc":{"start":{"line":338,"column":27},"end":{"line":338,"column":61}},"type":"cond-expr","locations":[{"start":{"line":338,"column":41},"end":{"line":338,"column":49}},{"start":{"line":338,"column":52},"end":{"line":338,"column":61}}],"line":338},"21":{"loc":{"start":{"line":345,"column":52},"end":{"line":345,"column":106}},"type":"cond-expr","locations":[{"start":{"line":345,"column":70},"end":{"line":345,"column":88}},{"start":{"line":345,"column":91},"end":{"line":345,"column":106}}],"line":345},"22":{"loc":{"start":{"line":346,"column":61},"end":{"line":346,"column":100}},"type":"cond-expr","locations":[{"start":{"line":346,"column":79},"end":{"line":346,"column":87}},{"start":{"line":346,"column":90},"end":{"line":346,"column":100}}],"line":346},"23":{"loc":{"start":{"line":348,"column":29},"end":{"line":348,"column":68}},"type":"cond-expr","locations":[{"start":{"line":348,"column":47},"end":{"line":348,"column":55}},{"start":{"line":348,"column":58},"end":{"line":348,"column":68}}],"line":348},"24":{"loc":{"start":{"line":354,"column":52},"end":{"line":354,"column":102}},"type":"cond-expr","locations":[{"start":{"line":354,"column":66},"end":{"line":354,"column":84}},{"start":{"line":354,"column":87},"end":{"line":354,"column":102}}],"line":354},"25":{"loc":{"start":{"line":355,"column":61},"end":{"line":355,"column":96}},"type":"cond-expr","locations":[{"start":{"line":355,"column":75},"end":{"line":355,"column":83}},{"start":{"line":355,"column":86},"end":{"line":355,"column":96}}],"line":355},"26":{"loc":{"start":{"line":357,"column":29},"end":{"line":357,"column":64}},"type":"cond-expr","locations":[{"start":{"line":357,"column":43},"end":{"line":357,"column":51}},{"start":{"line":357,"column":54},"end":{"line":357,"column":64}}],"line":357},"27":{"loc":{"start":{"line":397,"column":11},"end":{"line":411,"column":11}},"type":"binary-expr","locations":[{"start":{"line":397,"column":11},"end":{"line":397,"column":33}},{"start":{"line":398,"column":12},"end":{"line":410,"column":25}}],"line":397},"28":{"loc":{"start":{"line":414,"column":11},"end":{"line":428,"column":11}},"type":"binary-expr","locations":[{"start":{"line":414,"column":11},"end":{"line":414,"column":34}},{"start":{"line":415,"column":12},"end":{"line":427,"column":25}}],"line":414}},"s":{"0":0,"1":0,"2":0,"3":0,"4":0,"5":0,"6":0,"7":0,"8":0,"9":0,"10":0,"11":0,"12":0,"13":0,"14":0,"15":0,"16":0,"17":0,"18":0,"19":0,"20":0,"21":0,"22":0,"23":0,"24":0,"25":0,"26":0,"27":0,"28":0,"29":0,"30":0,"31":0,"32":0,"33":0,"34":0,"35":0,"36":0,"37":0,"38":0,"39":0,"40":0,"41":0,"42":0,"43":0,"44":0,"45":0,"46":0,"47":0,"48":0,"49":0,"50":0,"51":0,"52":0,"53":0,"54":0,"55":0,"56":0,"57":0,"58":0,"59":0,"60":0,"61":0,"62":0,"63":0,"64":0,"65":0,"66":0,"67":0,"68":0,"69":0,"70":0,"71":0,"72":0,"73":0,"74":0},"f":{"0":0,"1":0,"2":0,"3":0,"4":0,"5":0,"6":0,"7":0,"8":0,"9":0,"10":0,"11":0,"12":0},"b":{"0":[0,0],"1":[0,0],"2":[0,0],"3":[0,0],"4":[0,0],"5":[0,0],"6":[0,0],"7":[0,0],"8":[0,0],"9":[0,0],"10":[0,0],"11":[0,0],"12":[0,0],"13":[0,0],"14":[0,0],"15":[0,0],"16":[0,0],"17":[0,0],"18":[0,0],"19":[0,0],"20":[0,0],"21":[0,0],"22":[0,0],"23":[0,0],"24":[0,0],"25":[0,0],"26":[0,0],"27":[0,0],"28":[0,0]}}
,"/Users/venkeyy_10/Desktop/stroke-shield-main/client/src/index.js": {"path":"/Users/venkeyy_10/Desktop/stroke-shield-main/client/src/index.js","statementMap":{"0":{"start":{"line":5,"column":13},"end":{"line":5,"column":65}},"1":{"start":{"line":6,"column":0},"end":{"line":10,"column":2}}},"fnMap":{},"branchMap":{},"s":{"0":0,"1":0},"f":{},"b":{}}
,"/Users/venkeyy_10/Desktop/stroke-shield-main/client/src/components/DetectionView.js": {"path":"/Users/venkeyy_10/Desktop/stroke-shield-main/client/src/components/DetectionView.js","statementMap":{"0":{"start":{"line":3,"column":22},"end":{"line":136,"column":2}},"1":{"start":{"line":6,"column":25},"end":{"line":24,"column":3}},"2":{"start":{"line":7,"column":49},"end":{"line":7,"column":54}},"3":{"start":{"line":8,"column":4},"end":{"line":8,"column":28}},"4":{"start":{"line":9,"column":4},"end":{"line":9,"column":30}},"5":{"start":{"line":11,"column":4},"end":{"line":23,"column":5}},"6":{"start":{"line":12,"column":6},"end":{"line":22,"column":9}},"7":{"start":{"line":13,"column":22},"end":{"line":13,"column":46}},"8":{"start":{"line":14,"column":20},"end":{"line":14,"column":44}},"9":{"start":{"line":16,"column":8},"end":{"line":21,"column":9}},"10":{"start":{"line":17,"column":10},"end":{"line":17,"column":26}},"11":{"start":{"line":18,"column":10},"end":{"line":18,"column":78}},"12":{"start":{"line":19,"column":10},"end":{"line":19,"column":74}},"13":{"start":{"line":20,"column":10},"end":{"line":20,"column":23}},"14":{"start":{"line":27,"column":24},"end":{"line":44,"column":3}},"15":{"start":{"line":28,"column":69},"end":{"line":28,"column":74}},"16":{"start":{"line":30,"column":4},"end":{"line":43,"column":7}},"17":{"start":{"line":31,"column":6},"end":{"line":42,"column":7}},"18":{"start":{"line":32,"column":18},"end":{"line":32,"column":47}},"19":{"start":{"line":33,"column":18},"end":{"line":33,"column":48}},"20":{"start":{"line":35,"column":8},"end":{"line":35,"column":24}},"21":{"start":{"line":36,"column":8},"end":{"line":36,"column":46}},"22":{"start":{"line":37,"column":8},"end":{"line":37,"column":43}},"23":{"start":{"line":38,"column":8},"end":{"line":38,"column":19}},"24":{"start":{"line":39,"column":8},"end":{"line":39,"column":32}},"25":{"start":{"line":40,"column":8},"end":{"line":40,"column":26}},"26":{"start":{"line":41,"column":8},"end":{"line":41,"column":21}},"27":{"start":{"line":46,"column":2},"end":{"line":125,"column":42}},"28":{"start":{"line":47,"column":16},"end":{"line":47,"column":45}},"29":{"start":{"line":48,"column":4},"end":{"line":48,"column":21}},"30":{"start":{"line":48,"column":14},"end":{"line":48,"column":21}},"31":{"start":{"line":51,"column":4},"end":{"line":51,"column":61}},"32":{"start":{"line":53,"column":4},"end":{"line":124,"column":5}},"33":{"start":{"line":55,"column":6},"end":{"line":96,"column":7}},"34":{"start":{"line":56,"column":8},"end":{"line":95,"column":9}},"35":{"start":{"line":58,"column":10},"end":{"line":58,"column":73}},"36":{"start":{"line":61,"column":10},"end":{"line":94,"column":11}},"37":{"start":{"line":63,"column":34},"end":{"line":63,"column":76}},"38":{"start":{"line":64,"column":35},"end":{"line":64,"column":80}},"39":{"start":{"line":67,"column":12},"end":{"line":67,"column":40}},"40":{"start":{"line":68,"column":12},"end":{"line":68,"column":30}},"41":{"start":{"line":69,"column":12},"end":{"line":69,"column":28}},"42":{"start":{"line":70,"column":12},"end":{"line":78,"column":15}},"43":{"start":{"line":71,"column":28},"end":{"line":71,"column":49}},"44":{"start":{"line":72,"column":14},"end":{"line":77,"column":15}},"45":{"start":{"line":73,"column":26},"end":{"line":73,"column":52}},"46":{"start":{"line":74,"column":26},"end":{"line":74,"column":53}},"47":{"start":{"line":75,"column":16},"end":{"line":76,"column":38}},"48":{"start":{"line":75,"column":29},"end":{"line":75,"column":46}},"49":{"start":{"line":76,"column":21},"end":{"line":76,"column":38}},"50":{"start":{"line":79,"column":12},"end":{"line":79,"column":25}},"51":{"start":{"line":82,"column":12},"end":{"line":82,"column":40}},"52":{"start":{"line":83,"column":12},"end":{"line":83,"column":28}},"53":{"start":{"line":84,"column":12},"end":{"line":92,"column":15}},"54":{"start":{"line":85,"column":28},"end":{"line":85,"column":49}},"55":{"start":{"line":86,"column":14},"end":{"line":91,"column":15}},"56":{"start":{"line":87,"column":26},"end":{"line":87,"column":52}},"57":{"start":{"line":88,"column":26},"end":{"line":88,"column":53}},"58":{"start":{"line":89,"column":16},"end":{"line":90,"column":38}},"59":{"start":{"line":89,"column":29},"end":{"line":89,"column":46}},"60":{"start":{"line":90,"column":21},"end":{"line":90,"column":38}},"61":{"start":{"line":93,"column":12},"end":{"line":93,"column":25}},"62":{"start":{"line":99,"column":6},"end":{"line":121,"column":7}},"63":{"start":{"line":100,"column":26},"end":{"line":100,"column":51}},"64":{"start":{"line":103,"column":8},"end":{"line":107,"column":11}},"65":{"start":{"line":110,"column":32},"end":{"line":115,"column":9}},"66":{"start":{"line":117,"column":8},"end":{"line":120,"column":11}},"67":{"start":{"line":123,"column":6},"end":{"line":123,"column":63}},"68":{"start":{"line":127,"column":2},"end":{"line":135,"column":4}}},"fnMap":{"0":{"name":"(anonymous_0)","decl":{"start":{"line":3,"column":33},"end":{"line":3,"column":34}},"loc":{"start":{"line":3,"column":76},"end":{"line":136,"column":1}},"line":3},"1":{"name":"(anonymous_1)","decl":{"start":{"line":6,"column":25},"end":{"line":6,"column":26}},"loc":{"start":{"line":6,"column":70},"end":{"line":24,"column":3}},"line":6},"2":{"name":"(anonymous_2)","decl":{"start":{"line":12,"column":26},"end":{"line":12,"column":27}},"loc":{"start":{"line":12,"column":40},"end":{"line":22,"column":7}},"line":12},"3":{"name":"(anonymous_3)","decl":{"start":{"line":27,"column":24},"end":{"line":27,"column":25}},"loc":{"start":{"line":27,"column":56},"end":{"line":44,"column":3}},"line":27},"4":{"name":"(anonymous_4)","decl":{"start":{"line":30,"column":22},"end":{"line":30,"column":23}},"loc":{"start":{"line":30,"column":34},"end":{"line":43,"column":5}},"line":30},"5":{"name":"(anonymous_5)","decl":{"start":{"line":46,"column":12},"end":{"line":46,"column":13}},"loc":{"start":{"line":46,"column":18},"end":{"line":125,"column":3}},"line":46},"6":{"name":"(anonymous_6)","decl":{"start":{"line":70,"column":34},"end":{"line":70,"column":35}},"loc":{"start":{"line":70,"column":53},"end":{"line":78,"column":13}},"line":70},"7":{"name":"(anonymous_7)","decl":{"start":{"line":84,"column":35},"end":{"line":84,"column":36}},"loc":{"start":{"line":84,"column":54},"end":{"line":92,"column":13}},"line":84}},"branchMap":{"0":{"loc":{"start":{"line":6,"column":55},"end":{"line":6,"column":65}},"type":"default-arg","locations":[{"start":{"line":6,"column":63},"end":{"line":6,"column":65}}],"line":6},"1":{"loc":{"start":{"line":7,"column":12},"end":{"line":7,"column":29}},"type":"default-arg","locations":[{"start":{"line":7,"column":20},"end":{"line":7,"column":29}}],"line":7},"2":{"loc":{"start":{"line":7,"column":31},"end":{"line":7,"column":44}},"type":"default-arg","locations":[{"start":{"line":7,"column":43},"end":{"line":7,"column":44}}],"line":7},"3":{"loc":{"start":{"line":11,"column":4},"end":{"line":23,"column":5}},"type":"if","locations":[{"start":{"line":11,"column":4},"end":{"line":23,"column":5}},{"start":{},"end":{}}],"line":11},"4":{"loc":{"start":{"line":11,"column":8},"end":{"line":11,"column":49}},"type":"binary-expr","locations":[{"start":{"line":11,"column":8},"end":{"line":11,"column":19}},{"start":{"line":11,"column":23},"end":{"line":11,"column":49}}],"line":11},"5":{"loc":{"start":{"line":16,"column":8},"end":{"line":21,"column":9}},"type":"if","locations":[{"start":{"line":16,"column":8},"end":{"line":21,"column":9}},{"start":{},"end":{}}],"line":16},"6":{"loc":{"start":{"line":16,"column":12},"end":{"line":16,"column":24}},"type":"binary-expr","locations":[{"start":{"line":16,"column":12},"end":{"line":16,"column":17}},{"start":{"line":16,"column":21},"end":{"line":16,"column":24}}],"line":16},"7":{"loc":{"start":{"line":27,"column":41},"end":{"line":27,"column":51}},"type":"default-arg","locations":[{"start":{"line":27,"column":49},"end":{"line":27,"column":51}}],"line":27},"8":{"loc":{"start":{"line":28,"column":12},"end":{"line":28,"column":29}},"type":"default-arg","locations":[{"start":{"line":28,"column":20},"end":{"line":28,"column":29}}],"line":28},"9":{"loc":{"start":{"line":28,"column":31},"end":{"line":28,"column":41}},"type":"default-arg","locations":[{"start":{"line":28,"column":40},"end":{"line":28,"column":41}}],"line":28},"10":{"loc":{"start":{"line":28,"column":43},"end":{"line":28,"column":64}},"type":"default-arg","locations":[{"start":{"line":28,"column":55},"end":{"line":28,"column":64}}],"line":28},"11":{"loc":{"start":{"line":31,"column":6},"end":{"line":42,"column":7}},"type":"if","locations":[{"start":{"line":31,"column":6},"end":{"line":42,"column":7}},{"start":{},"end":{}}],"line":31},"12":{"loc":{"start":{"line":37,"column":24},"end":{"line":37,"column":42}},"type":"binary-expr","locations":[{"start":{"line":37,"column":24},"end":{"line":37,"column":33}},{"start":{"line":37,"column":37},"end":{"line":37,"column":42}}],"line":37},"13":{"loc":{"start":{"line":48,"column":4},"end":{"line":48,"column":21}},"type":"if","locations":[{"start":{"line":48,"column":4},"end":{"line":48,"column":21}},{"start":{},"end":{}}],"line":48},"14":{"loc":{"start":{"line":55,"column":6},"end":{"line":96,"column":7}},"type":"if","locations":[{"start":{"line":55,"column":6},"end":{"line":96,"column":7}},{"start":{},"end":{}}],"line":55},"15":{"loc":{"start":{"line":55,"column":10},"end":{"line":55,"column":63}},"type":"binary-expr","locations":[{"start":{"line":55,"column":10},"end":{"line":55,"column":25}},{"start":{"line":55,"column":29},"end":{"line":55,"column":63}}],"line":55},"16":{"loc":{"start":{"line":61,"column":10},"end":{"line":94,"column":11}},"type":"if","locations":[{"start":{"line":61,"column":10},"end":{"line":94,"column":11}},{"start":{},"end":{}}],"line":61},"17":{"loc":{"start":{"line":72,"column":14},"end":{"line":77,"column":15}},"type":"if","locations":[{"start":{"line":72,"column":14},"end":{"line":77,"column":15}},{"start":{},"end":{}}],"line":72},"18":{"loc":{"start":{"line":75,"column":16},"end":{"line":76,"column":38}},"type":"if","locations":[{"start":{"line":75,"column":16},"end":{"line":76,"column":38}},{"start":{"line":76,"column":21},"end":{"line":76,"column":38}}],"line":75},"19":{"loc":{"start":{"line":86,"column":14},"end":{"line":91,"column":15}},"type":"if","locations":[{"start":{"line":86,"column":14},"end":{"line":91,"column":15}},{"start":{},"end":{}}],"line":86},"20":{"loc":{"start":{"line":89,"column":16},"end":{"line":90,"column":38}},"type":"if","locations":[{"start":{"line":89,"column":16},"end":{"line":90,"column":38}},{"start":{"line":90,"column":21},"end":{"line":90,"column":38}}],"line":89},"21":{"loc":{"start":{"line":99,"column":6},"end":{"line":121,"column":7}},"type":"if","locations":[{"start":{"line":99,"column":6},"end":{"line":121,"column":7}},{"start":{},"end":{}}],"line":99},"22":{"loc":{"start":{"line":99,"column":10},"end":{"line":99,"column":50}},"type":"binary-expr","locations":[{"start":{"line":99,"column":10},"end":{"line":99,"column":21}},{"start":{"line":99,"column":25},"end":{"line":99,"column":50}}],"line":99}},"s":{"0":0,"1":0,"2":0,"3":0,"4":0,"5":0,"6":0,"7":0,"8":0,"9":0,"10":0,"11":0,"12":0,"13":0,"14":0,"15":0,"16":0,"17":0,"18":0,"19":0,"20":0,"21":0,"22":0,"23":0,"24":0,"25":0,"26":0,"27":0,"28":0,"29":0,"30":0,"31":0,"32":0,"33":0,"34":0,"35":0,"36":0,"37":0,"38":0,"39":0,"40":0,"41":0,"42":0,"43":0,"44":0,"45":0,"46":0,"47":0,"48":0,"49":0,"50":0,"51":0,"52":0,"53":0,"54":0,"55":0,"56":0,"57":0,"58":0,"59":0,"60":0,"61":0,"62":0,"63":0,"64":0,"65":0,"66":0,"67":0,"68":0},"f":{"0":0,"1":0,"2":0,"3":0,"4":0,"5":0,"6":0,"7":0},"b":{"0":[0],"1":[0],"2":[0],"3":[0,0],"4":[0,0],"5":[0,0],"6":[0,0],"7":[0],"8":[0],"9":[0],"10":[0],"11":[0,0],"12":[0,0],"13":[0,0],"14":[0,0],"15":[0,0],"16":[0,0],"17":[0,0],"18":[0,0],"19":[0,0],"20":[0,0],"21":[0,0],"22":[0,0]}}
,"/Users/venkeyy_10/Desktop/stroke-shield-main/client/src/components/ErrorBoundary.js": {"path":"/Users/venkeyy_10/Desktop/stroke-shield-main/client/src/components/ErrorBoundary.js","statementMap":{"0":{"start":{"line":6,"column":4},"end":{"line":6,"column":17}},"1":{"start":{"line":7,"column":4},"end":{"line":12,"column":6}},"2":{"start":{"line":17,"column":4},"end":{"line":17,"column":30}},"3":{"start":{"line":22,"column":20},"end":{"line":22,"column":41}},"4":{"start":{"line":23,"column":4},"end":{"line":27,"column":7}},"5":{"start":{"line":30,"column":4},"end":{"line":35,"column":7}},"6":{"start":{"line":38,"column":4},"end":{"line":40,"column":5}},"7":{"start":{"line":39,"column":6},"end":{"line":39,"column":56}},"8":{"start":{"line":43,"column":22},"end":{"line":62,"column":3}},"9":{"start":{"line":45,"column":4},"end":{"line":61,"column":5}},"10":{"start":{"line":46,"column":6},"end":{"line":58,"column":9}},"11":{"start":{"line":60,"column":6},"end":{"line":60,"column":65}},"12":{"start":{"line":64,"column":16},"end":{"line":71,"column":3}},"13":{"start":{"line":65,"column":4},"end":{"line":70,"column":7}},"14":{"start":{"line":73,"column":17},"end":{"line":75,"column":3}},"15":{"start":{"line":74,"column":4},"end":{"line":74,"column":29}},"16":{"start":{"line":78,"column":4},"end":{"line":168,"column":5}},"17":{"start":{"line":79,"column":61},"end":{"line":79,"column":71}},"18":{"start":{"line":82,"column":6},"end":{"line":90,"column":7}},"19":{"start":{"line":83,"column":8},"end":{"line":89,"column":10}},"20":{"start":{"line":93,"column":6},"end":{"line":167,"column":8}},"21":{"start":{"line":170,"column":4},"end":{"line":170,"column":31}},"22":{"start":{"line":175,"column":33},"end":{"line":184,"column":1}},"23":{"start":{"line":176,"column":27},"end":{"line":180,"column":3}},"24":{"start":{"line":177,"column":4},"end":{"line":179,"column":20}},"25":{"start":{"line":182,"column":2},"end":{"line":182,"column":97}},"26":{"start":{"line":183,"column":2},"end":{"line":183,"column":26}}},"fnMap":{"0":{"name":"(anonymous_0)","decl":{"start":{"line":5,"column":2},"end":{"line":5,"column":3}},"loc":{"start":{"line":5,"column":21},"end":{"line":13,"column":3}},"line":5},"1":{"name":"(anonymous_1)","decl":{"start":{"line":15,"column":2},"end":{"line":15,"column":3}},"loc":{"start":{"line":15,"column":41},"end":{"line":18,"column":3}},"line":15},"2":{"name":"(anonymous_2)","decl":{"start":{"line":20,"column":2},"end":{"line":20,"column":3}},"loc":{"start":{"line":20,"column":38},"end":{"line":41,"column":3}},"line":20},"3":{"name":"(anonymous_3)","decl":{"start":{"line":43,"column":22},"end":{"line":43,"column":23}},"loc":{"start":{"line":43,"column":53},"end":{"line":62,"column":3}},"line":43},"4":{"name":"(anonymous_4)","decl":{"start":{"line":64,"column":16},"end":{"line":64,"column":17}},"loc":{"start":{"line":64,"column":22},"end":{"line":71,"column":3}},"line":64},"5":{"name":"(anonymous_5)","decl":{"start":{"line":73,"column":17},"end":{"line":73,"column":18}},"loc":{"start":{"line":73,"column":23},"end":{"line":75,"column":3}},"line":73},"6":{"name":"(anonymous_6)","decl":{"start":{"line":77,"column":2},"end":{"line":77,"column":3}},"loc":{"start":{"line":77,"column":11},"end":{"line":171,"column":3}},"line":77},"7":{"name":"(anonymous_7)","decl":{"start":{"line":175,"column":33},"end":{"line":175,"column":34}},"loc":{"start":{"line":175,"column":63},"end":{"line":184,"column":1}},"line":175},"8":{"name":"(anonymous_8)","decl":{"start":{"line":176,"column":27},"end":{"line":176,"column":28}},"loc":{"start":{"line":177,"column":4},"end":{"line":179,"column":20}},"line":177}},"branchMap":{"0":{"loc":{"start":{"line":38,"column":4},"end":{"line":40,"column":5}},"type":"if","locations":[{"start":{"line":38,"column":4},"end":{"line":40,"column":5}},{"start":{},"end":{}}],"line":38},"1":{"loc":{"start":{"line":78,"column":4},"end":{"line":168,"column":5}},"type":"if","locations":[{"start":{"line":78,"column":4},"end":{"line":168,"column":5}},{"start":{},"end":{}}],"line":78},"2":{"loc":{"start":{"line":82,"column":6},"end":{"line":90,"column":7}},"type":"if","locations":[{"start":{"line":82,"column":6},"end":{"line":90,"column":7}},{"start":{},"end":{}}],"line":82},"3":{"loc":{"start":{"line":113,"column":15},"end":{"line":113,"column":79}},"type":"cond-expr","locations":[{"start":{"line":113,"column":31},"end":{"line":113,"column":63}},{"start":{"line":113,"column":66},"end":{"line":113,"column":79}}],"line":113},"4":{"loc":{"start":{"line":139,"column":13},"end":{"line":164,"column":13}},"type":"binary-expr","locations":[{"start":{"line":139,"column":13},"end":{"line":139,"column":51}},{"start":{"line":139,"column":55},"end":{"line":139,"column":71}},{"start":{"line":140,"column":14},"end":{"line":163,"column":31}}],"line":139},"5":{"loc":{"start":{"line":182,"column":54},"end":{"line":182,"column":93}},"type":"binary-expr","locations":[{"start":{"line":182,"column":54},"end":{"line":182,"column":75}},{"start":{"line":182,"column":79},"end":{"line":182,"column":93}}],"line":182}},"s":{"0":0,"1":0,"2":0,"3":0,"4":0,"5":0,"6":0,"7":0,"8":0,"9":0,"10":0,"11":0,"12":0,"13":0,"14":0,"15":0,"16":0,"17":0,"18":0,"19":0,"20":0,"21":0,"22":0,"23":0,"24":0,"25":0,"26":0},"f":{"0":0,"1":0,"2":0,"3":0,"4":0,"5":0,"6":0,"7":0,"8":0},"b":{"0":[0,0],"1":[0,0],"2":[0,0],"3":[0,0],"4":[0,0,0],"5":[0,0]}}
,"/Users/venkeyy_10/Desktop/stroke-shield-main/client/src/components/FaceMeshDetection.js": {"path":"/Users/venkeyy_10/Desktop/stroke-shield-main/client/src/components/FaceMeshDetection.js","statementMap":{"0":{"start":{"line":4,"column":26},"end":{"line":116,"column":1}},"1":{"start":{"line":5,"column":34},"end":{"line":5,"column":48}},"2":{"start":{"line":6,"column":30},"end":{"line":6,"column":44}},"3":{"start":{"line":7,"column":44},"end":{"line":7,"column":59}},"4":{"start":{"line":10,"column":2},"end":{"line":44,"column":9}},"5":{"start":{"line":11,"column":33},"end":{"line":41,"column":5}},"6":{"start":{"line":13,"column":6},"end":{"line":16,"column":7}},"7":{"start":{"line":14,"column":8},"end":{"line":14,"column":31}},"8":{"start":{"line":15,"column":8},"end":{"line":15,"column":15}},"9":{"start":{"line":19,"column":29},"end":{"line":19,"column":61}},"10":{"start":{"line":20,"column":6},"end":{"line":20,"column":92}},"11":{"start":{"line":21,"column":6},"end":{"line":21,"column":47}},"12":{"start":{"line":24,"column":27},"end":{"line":24,"column":59}},"13":{"start":{"line":25,"column":6},"end":{"line":25,"column":96}},"14":{"start":{"line":26,"column":6},"end":{"line":26,"column":45}},"15":{"start":{"line":28,"column":26},"end":{"line":28,"column":27}},"16":{"start":{"line":29,"column":27},"end":{"line":34,"column":7}},"17":{"start":{"line":30,"column":8},"end":{"line":30,"column":24}},"18":{"start":{"line":31,"column":8},"end":{"line":33,"column":9}},"19":{"start":{"line":32,"column":10},"end":{"line":32,"column":33}},"20":{"start":{"line":36,"column":6},"end":{"line":36,"column":43}},"21":{"start":{"line":37,"column":6},"end":{"line":37,"column":41}},"22":{"start":{"line":39,"column":6},"end":{"line":39,"column":48}},"23":{"start":{"line":40,"column":6},"end":{"line":40,"column":46}},"24":{"start":{"line":43,"column":4},"end":{"line":43,"column":27}},"25":{"start":{"line":46,"column":2},"end":{"line":105,"column":74}},"26":{"start":{"line":47,"column":4},"end":{"line":47,"column":53}},"27":{"start":{"line":47,"column":46},"end":{"line":47,"column":53}},"28":{"start":{"line":50,"column":31},"end":{"line":93,"column":5}},"29":{"start":{"line":51,"column":6},"end":{"line":92,"column":7}},"30":{"start":{"line":52,"column":21},"end":{"line":56,"column":10}},"31":{"start":{"line":54,"column":12},"end":{"line":54,"column":79}},"32":{"start":{"line":58,"column":8},"end":{"line":63,"column":11}},"33":{"start":{"line":65,"column":8},"end":{"line":72,"column":11}},"34":{"start":{"line":66,"column":10},"end":{"line":66,"column":29}},"35":{"start":{"line":68,"column":10},"end":{"line":71,"column":11}},"36":{"start":{"line":69,"column":28},"end":{"line":69,"column":81}},"37":{"start":{"line":70,"column":12},"end":{"line":70,"column":37}},"38":{"start":{"line":74,"column":8},"end":{"line":74,"column":26}},"39":{"start":{"line":77,"column":8},"end":{"line":89,"column":9}},"40":{"start":{"line":78,"column":22},"end":{"line":86,"column":12}},"41":{"start":{"line":80,"column":14},"end":{"line":82,"column":15}},"42":{"start":{"line":81,"column":16},"end":{"line":81,"column":62}},"43":{"start":{"line":88,"column":10},"end":{"line":88,"column":25}},"44":{"start":{"line":91,"column":8},"end":{"line":91,"column":61}},"45":{"start":{"line":95,"column":4},"end":{"line":95,"column":25}},"46":{"start":{"line":97,"column":4},"end":{"line":104,"column":6}},"47":{"start":{"line":98,"column":6},"end":{"line":100,"column":7}},"48":{"start":{"line":99,"column":8},"end":{"line":99,"column":25}},"49":{"start":{"line":101,"column":6},"end":{"line":103,"column":7}},"50":{"start":{"line":102,"column":8},"end":{"line":102,"column":22}},"51":{"start":{"line":107,"column":2},"end":{"line":113,"column":28}},"52":{"start":{"line":108,"column":4},"end":{"line":112,"column":5}},"53":{"start":{"line":109,"column":6},"end":{"line":109,"column":21}},"54":{"start":{"line":110,"column":11},"end":{"line":112,"column":5}},"55":{"start":{"line":111,"column":6},"end":{"line":111,"column":20}},"56":{"start":{"line":115,"column":2},"end":{"line":115,"column":14}}},"fnMap":{"0":{"name":"(anonymous_0)","decl":{"start":{"line":4,"column":26},"end":{"line":4,"column":27}},"loc":{"start":{"line":4,"column":86},"end":{"line":116,"column":1}},"line":4},"1":{"name":"(anonymous_1)","decl":{"start":{"line":10,"column":12},"end":{"line":10,"column":13}},"loc":{"start":{"line":10,"column":18},"end":{"line":44,"column":3}},"line":10},"2":{"name":"(anonymous_2)","decl":{"start":{"line":11,"column":33},"end":{"line":11,"column":34}},"loc":{"start":{"line":11,"column":39},"end":{"line":41,"column":5}},"line":11},"3":{"name":"(anonymous_3)","decl":{"start":{"line":29,"column":27},"end":{"line":29,"column":28}},"loc":{"start":{"line":29,"column":33},"end":{"line":34,"column":7}},"line":29},"4":{"name":"(anonymous_4)","decl":{"start":{"line":46,"column":12},"end":{"line":46,"column":13}},"loc":{"start":{"line":46,"column":18},"end":{"line":105,"column":3}},"line":46},"5":{"name":"(anonymous_5)","decl":{"start":{"line":50,"column":31},"end":{"line":50,"column":32}},"loc":{"start":{"line":50,"column":43},"end":{"line":93,"column":5}},"line":50},"6":{"name":"(anonymous_6)","decl":{"start":{"line":53,"column":22},"end":{"line":53,"column":23}},"loc":{"start":{"line":53,"column":32},"end":{"line":55,"column":11}},"line":53},"7":{"name":"(anonymous_7)","decl":{"start":{"line":65,"column":23},"end":{"line":65,"column":24}},"loc":{"start":{"line":65,"column":36},"end":{"line":72,"column":9}},"line":65},"8":{"name":"(anonymous_8)","decl":{"start":{"line":79,"column":21},"end":{"line":79,"column":22}},"loc":{"start":{"line":79,"column":33},"end":{"line":83,"column":13}},"line":79},"9":{"name":"(anonymous_9)","decl":{"start":{"line":97,"column":11},"end":{"line":97,"column":12}},"loc":{"start":{"line":97,"column":17},"end":{"line":104,"column":5}},"line":97},"10":{"name":"(anonymous_10)","decl":{"start":{"line":107,"column":12},"end":{"line":107,"column":13}},"loc":{"start":{"line":107,"column":18},"end":{"line":113,"column":3}},"line":107}},"branchMap":{"0":{"loc":{"start":{"line":13,"column":6},"end":{"line":16,"column":7}},"type":"if","locations":[{"start":{"line":13,"column":6},"end":{"line":16,"column":7}},{"start":{},"end":{}}],"line":13},"1":{"loc":{"start":{"line":13,"column":10},"end":{"line":13,"column":42}},"type":"binary-expr","locations":[{"start":{"line":13,"column":10},"end":{"line":13,"column":25}},{"start":{"line":13,"column":29},"end":{"line":13,"column":42}}],"line":13},"2":{"loc":{"start":{"line":31,"column":8},"end":{"line":33,"column":9}},"type":"if","locations":[{"start":{"line":31,"column":8},"end":{"line":33,"column":9}},{"start":{},"end":{}}],"line":31},"3":{"loc":{"start":{"line":47,"column":4},"end":{"line":47,"column":53}},"type":"if","locations":[{"start":{"line":47,"column":4},"end":{"line":47,"column":53}},{"start":{},"end":{}}],"line":47},"4":{"loc":{"start":{"line":47,"column":8},"end":{"line":47,"column":44}},"type":"binary-expr","locations":[{"start":{"line":47,"column":8},"end":{"line":47,"column":26}},{"start":{"line":47,"column":30},"end":{"line":47,"column":44}}],"line":47},"5":{"loc":{"start":{"line":68,"column":10},"end":{"line":71,"column":11}},"type":"if","locations":[{"start":{"line":68,"column":10},"end":{"line":71,"column":11}},{"start":{},"end":{}}],"line":68},"6":{"loc":{"start":{"line":68,"column":14},"end":{"line":68,"column":81}},"type":"binary-expr","locations":[{"start":{"line":68,"column":14},"end":{"line":68,"column":40}},{"start":{"line":68,"column":44},"end":{"line":68,"column":81}}],"line":68},"7":{"loc":{"start":{"line":77,"column":8},"end":{"line":89,"column":9}},"type":"if","locations":[{"start":{"line":77,"column":8},"end":{"line":89,"column":9}},{"start":{},"end":{}}],"line":77},"8":{"loc":{"start":{"line":77,"column":12},"end":{"line":77,"column":46}},"type":"binary-expr","locations":[{"start":{"line":77,"column":12},"end":{"line":77,"column":29}},{"start":{"line":77,"column":33},"end":{"line":77,"column":46}}],"line":77},"9":{"loc":{"start":{"line":80,"column":14},"end":{"line":82,"column":15}},"type":"if","locations":[{"start":{"line":80,"column":14},"end":{"line":82,"column":15}},{"start":{},"end":{}}],"line":80},"10":{"loc":{"start":{"line":80,"column":18},"end":{"line":80,"column":58}},"type":"binary-expr","locations":[{"start":{"line":80,"column":18},"end":{"line":80,"column":35}},{"start":{"line":80,"column":39},"end":{"line":80,"column":50}},{"start":{"line":80,"column":54},"end":{"line":80,"column":58}}],"line":80},"11":{"loc":{"start":{"line":98,"column":6},"end":{"line":100,"column":7}},"type":"if","locations":[{"start":{"line":98,"column":6},"end":{"line":100,"column":7}},{"start":{},"end":{}}],"line":98},"12":{"loc":{"start":{"line":101,"column":6},"end":{"line":103,"column":7}},"type":"if","locations":[{"start":{"line":101,"column":6},"end":{"line":103,"column":7}},{"start":{},"end":{}}],"line":101},"13":{"loc":{"start":{"line":108,"column":4},"end":{"line":112,"column":5}},"type":"if","locations":[{"start":{"line":108,"column":4},"end":{"line":112,"column":5}},{"start":{"line":110,"column":11},"end":{"line":112,"column":5}}],"line":108},"14":{"loc":{"start":{"line":108,"column":8},"end":{"line":108,"column":29}},"type":"binary-expr","locations":[{"start":{"line":108,"column":8},"end":{"line":108,"column":14}},{"start":{"line":108,"column":18},"end":{"line":108,"column":29}}],"line":108},"15":{"loc":{"start":{"line":110,"column":11},"end":{"line":112,"column":5}},"type":"if","locations":[{"start":{"line":110,"column":11},"end":{"line":112,"column":5}},{"start":{},"end":{}}],"line":110},"16":{"loc":{"start":{"line":110,"column":15},"end":{"line":110,"column":37}},"type":"binary-expr","locations":[{"start":{"line":110,"column":15},"end":{"line":110,"column":21}},{"start":{"line":110,"column":25},"end":{"line":110,"column":37}}],"line":110}},"s":{"0":0,"1":0,"2":0,"3":0,"4":0,"5":0,"6":0,"7":0,"8":0,"9":0,"10":0,"11":0,"12":0,"13":0,"14":0,"15":0,"16":0,"17":0,"18":0,"19":0,"20":0,"21":0,"22":0,"23":0,"24":0,"25":0,"26":0,"27":0,"28":0,"29":0,"30":0,"31":0,"32":0,"33":0,"34":0,"35":0,"36":0,"37":0,"38":0,"39":0,"40":0,"41":0,"42":0,"43":0,"44":0,"45":0,"46":0,"47":0,"48":0,"49":0,"50":0,"51":0,"52":0,"53":0,"54":0,"55":0,"56":0},"f":{"0":0,"1":0,"2":0,"3":0,"4":0,"5":0,"6":0,"7":0,"8":0,"9":0,"10":0},"b":{"0":[0,0],"1":[0,0],"2":[0,0],"3":[0,0],"4":[0,0],"5":[0,0],"6":[0,0],"7":[0,0],"8":[0,0],"9":[0,0],"10":[0,0,0],"11":[0,0],"12":[0,0],"13":[0,0],"14":[0,0],"15":[0,0],"16":[0,0]}}
,"/Users/venkeyy_10/Desktop/stroke-shield-main/client/src/components/HistoricalData.js": {"path":"/Users/venkeyy_10/Desktop/stroke-shield-main/client/src/components/HistoricalData.js","statementMap":{"0":{"start":{"line":5,"column":23},"end":{"line":264,"column":1}},"1":{"start":{"line":6,"column":52},"end":{"line":6,"column":64}},"2":{"start":{"line":7,"column":32},"end":{"line":7,"column":46}},"3":{"start":{"line":8,"column":28},"end":{"line":8,"column":42}},"4":{"start":{"line":10,"column":2},"end":{"line":12,"column":9}},"5":{"start":{"line":11,"column":4},"end":{"line":11,"column":29}},"6":{"start":{"line":14,"column":33},"end":{"line":26,"column":3}},"7":{"start":{"line":15,"column":4},"end":{"line":25,"column":5}},"8":{"start":{"line":16,"column":6},"end":{"line":16,"column":23}},"9":{"start":{"line":17,"column":19},"end":{"line":17,"column":60}},"10":{"start":{"line":18,"column":6},"end":{"line":18,"column":33}},"11":{"start":{"line":19,"column":6},"end":{"line":19,"column":21}},"12":{"start":{"line":21,"column":6},"end":{"line":21,"column":49}},"13":{"start":{"line":22,"column":6},"end":{"line":22,"column":56}},"14":{"start":{"line":24,"column":6},"end":{"line":24,"column":24}},"15":{"start":{"line":28,"column":23},"end":{"line":35,"column":3}},"16":{"start":{"line":29,"column":4},"end":{"line":34,"column":5}},"17":{"start":{"line":30,"column":18},"end":{"line":30,"column":78}},"18":{"start":{"line":31,"column":21},"end":{"line":31,"column":75}},"19":{"start":{"line":32,"column":19},"end":{"line":32,"column":67}},"20":{"start":{"line":33,"column":15},"end":{"line":33,"column":66}},"21":{"start":{"line":37,"column":23},"end":{"line":40,"column":3}},"22":{"start":{"line":38,"column":4},"end":{"line":38,"column":60}},"23":{"start":{"line":38,"column":47},"end":{"line":38,"column":60}},"24":{"start":{"line":39,"column":4},"end":{"line":39,"column":42}},"25":{"start":{"line":43,"column":28},"end":{"line":46,"column":3}},"26":{"start":{"line":48,"column":23},"end":{"line":51,"column":3}},"27":{"start":{"line":53,"column":2},"end":{"line":71,"column":3}},"28":{"start":{"line":54,"column":4},"end":{"line":70,"column":6}},"29":{"start":{"line":73,"column":2},"end":{"line":95,"column":3}},"30":{"start":{"line":74,"column":4},"end":{"line":94,"column":6}},"31":{"start":{"line":97,"column":2},"end":{"line":263,"column":4}},"32":{"start":{"line":142,"column":27},"end":{"line":142,"column":57}},"33":{"start":{"line":143,"column":36},"end":{"line":143,"column":61}},"34":{"start":{"line":144,"column":36},"end":{"line":144,"column":61}},"35":{"start":{"line":146,"column":14},"end":{"line":216,"column":16}},"36":{"start":{"line":237,"column":47},"end":{"line":237,"column":68}},"37":{"start":{"line":246,"column":47},"end":{"line":246,"column":71}},"38":{"start":{"line":255,"column":47},"end":{"line":255,"column":69}}},"fnMap":{"0":{"name":"(anonymous_0)","decl":{"start":{"line":5,"column":23},"end":{"line":5,"column":24}},"loc":{"start":{"line":5,"column":29},"end":{"line":264,"column":1}},"line":5},"1":{"name":"(anonymous_1)","decl":{"start":{"line":10,"column":12},"end":{"line":10,"column":13}},"loc":{"start":{"line":10,"column":18},"end":{"line":12,"column":3}},"line":10},"2":{"name":"(anonymous_2)","decl":{"start":{"line":14,"column":33},"end":{"line":14,"column":34}},"loc":{"start":{"line":14,"column":45},"end":{"line":26,"column":3}},"line":14},"3":{"name":"(anonymous_3)","decl":{"start":{"line":28,"column":23},"end":{"line":28,"column":24}},"loc":{"start":{"line":28,"column":38},"end":{"line":35,"column":3}},"line":28},"4":{"name":"(anonymous_4)","decl":{"start":{"line":37,"column":23},"end":{"line":37,"column":24}},"loc":{"start":{"line":37,"column":34},"end":{"line":40,"column":3}},"line":37},"5":{"name":"(anonymous_5)","decl":{"start":{"line":141,"column":35},"end":{"line":141,"column":36}},"loc":{"start":{"line":141,"column":58},"end":{"line":217,"column":13}},"line":141},"6":{"name":"(anonymous_6)","decl":{"start":{"line":237,"column":42},"end":{"line":237,"column":43}},"loc":{"start":{"line":237,"column":47},"end":{"line":237,"column":68}},"line":237},"7":{"name":"(anonymous_7)","decl":{"start":{"line":246,"column":42},"end":{"line":246,"column":43}},"loc":{"start":{"line":246,"column":47},"end":{"line":246,"column":71}},"line":246},"8":{"name":"(anonymous_8)","decl":{"start":{"line":255,"column":42},"end":{"line":255,"column":43}},"loc":{"start":{"line":255,"column":47},"end":{"line":255,"column":69}},"line":255}},"branchMap":{"0":{"loc":{"start":{"line":29,"column":4},"end":{"line":34,"column":5}},"type":"switch","locations":[{"start":{"line":30,"column":6},"end":{"line":30,"column":78}},{"start":{"line":31,"column":6},"end":{"line":31,"column":75}},{"start":{"line":32,"column":6},"end":{"line":32,"column":67}},{"start":{"line":33,"column":6},"end":{"line":33,"column":66}}],"line":29},"1":{"loc":{"start":{"line":38,"column":4},"end":{"line":38,"column":60}},"type":"if","locations":[{"start":{"line":38,"column":4},"end":{"line":38,"column":60}},{"start":{},"end":{}}],"line":38},"2":{"loc":{"start":{"line":38,"column":8},"end":{"line":38,"column":45}},"type":"binary-expr","locations":[{"start":{"line":38,"column":8},"end":{"line":38,"column":27}},{"start":{"line":38,"column":31},"end":{"line":38,"column":45}}],"line":38},"3":{"loc":{"start":{"line":53,"column":2},"end":{"line":71,"column":3}},"type":"if","locations":[{"start":{"line":53,"column":2},"end":{"line":71,"column":3}},{"start":{},"end":{}}],"line":53},"4":{"loc":{"start":{"line":73,"column":2},"end":{"line":95,"column":3}},"type":"if","locations":[{"start":{"line":73,"column":2},"end":{"line":95,"column":3}},{"start":{},"end":{}}],"line":73},"5":{"loc":{"start":{"line":123,"column":7},"end":{"line":220,"column":7}},"type":"cond-expr","locations":[{"start":{"line":124,"column":8},"end":{"line":132,"column":21}},{"start":{"line":134,"column":8},"end":{"line":219,"column":21}}],"line":123},"6":{"loc":{"start":{"line":148,"column":23},"end":{"line":148,"column":45}},"type":"binary-expr","locations":[{"start":{"line":148,"column":23},"end":{"line":148,"column":36}},{"start":{"line":148,"column":40},"end":{"line":148,"column":45}}],"line":148},"7":{"loc":{"start":{"line":166,"column":23},"end":{"line":166,"column":71}},"type":"binary-expr","locations":[{"start":{"line":166,"column":23},"end":{"line":166,"column":58}},{"start":{"line":166,"column":62},"end":{"line":166,"column":71}}],"line":166},"8":{"loc":{"start":{"line":223,"column":7},"end":{"line":261,"column":7}},"type":"binary-expr","locations":[{"start":{"line":223,"column":7},"end":{"line":223,"column":35}},{"start":{"line":224,"column":8},"end":{"line":260,"column":21}}],"line":223}},"s":{"0":0,"1":0,"2":0,"3":0,"4":0,"5":0,"6":0,"7":0,"8":0,"9":0,"10":0,"11":0,"12":0,"13":0,"14":0,"15":0,"16":0,"17":0,"18":0,"19":0,"20":0,"21":0,"22":0,"23":0,"24":0,"25":0,"26":0,"27":0,"28":0,"29":0,"30":0,"31":0,"32":0,"33":0,"34":0,"35":0,"36":0,"37":0,"38":0},"f":{"0":0,"1":0,"2":0,"3":0,"4":0,"5":0,"6":0,"7":0,"8":0},"b":{"0":[0,0,0,0],"1":[0,0],"2":[0,0],"3":[0,0],"4":[0,0],"5":[0,0],"6":[0,0],"7":[0,0],"8":[0,0]}}
,"/Users/venkeyy_10/Desktop/stroke-shield-main/client/src/components/InstructionsPanel.js": {"path":"/Users/venkeyy_10/Desktop/stroke-shield-main/client/src/components/InstructionsPanel.js","statementMap":{"0":{"start":{"line":4,"column":26},"end":{"line":217,"column":1}},"1":{"start":{"line":5,"column":28},"end":{"line":8,"column":3}},"2":{"start":{"line":10,"column":23},"end":{"line":13,"column":3}},"3":{"start":{"line":15,"column":2},"end":{"line":216,"column":4}}},"fnMap":{"0":{"name":"(anonymous_0)","decl":{"start":{"line":4,"column":26},"end":{"line":4,"column":27}},"loc":{"start":{"line":4,"column":32},"end":{"line":217,"column":1}},"line":4}},"branchMap":{},"s":{"0":0,"1":0,"2":0,"3":0},"f":{"0":0},"b":{}}
,"/Users/venkeyy_10/Desktop/stroke-shield-main/client/src/components/LoadingStates.js": {"path":"/Users/venkeyy_10/Desktop/stroke-shield-main/client/src/components/LoadingStates.js","statementMap":{"0":{"start":{"line":5,"column":30},"end":{"line":34,"column":1}},"1":{"start":{"line":6,"column":22},"end":{"line":11,"column":3}},"2":{"start":{"line":13,"column":23},"end":{"line":18,"column":3}},"3":{"start":{"line":20,"column":2},"end":{"line":33,"column":4}},"4":{"start":{"line":37,"column":28},"end":{"line":52,"column":1}},"5":{"start":{"line":38,"column":2},"end":{"line":51,"column":8}},"6":{"start":{"line":55,"column":30},"end":{"line":77,"column":1}},"7":{"start":{"line":56,"column":2},"end":{"line":56,"column":34}},"8":{"start":{"line":56,"column":18},"end":{"line":56,"column":34}},"9":{"start":{"line":58,"column":2},"end":{"line":76,"column":4}},"10":{"start":{"line":80,"column":29},"end":{"line":110,"column":1}},"11":{"start":{"line":88,"column":2},"end":{"line":109,"column":18}},"12":{"start":{"line":113,"column":27},"end":{"line":121,"column":1}},"13":{"start":{"line":114,"column":2},"end":{"line":120,"column":4}},"14":{"start":{"line":124,"column":26},"end":{"line":139,"column":1}},"15":{"start":{"line":125,"column":2},"end":{"line":138,"column":8}},"16":{"start":{"line":127,"column":6},"end":{"line":136,"column":8}},"17":{"start":{"line":142,"column":28},"end":{"line":163,"column":1}},"18":{"start":{"line":143,"column":2},"end":{"line":162,"column":15}},"19":{"start":{"line":166,"column":27},"end":{"line":185,"column":1}},"20":{"start":{"line":167,"column":2},"end":{"line":184,"column":8}},"21":{"start":{"line":188,"column":28},"end":{"line":220,"column":1}},"22":{"start":{"line":189,"column":2},"end":{"line":219,"column":15}},"23":{"start":{"line":223,"column":28},"end":{"line":243,"column":1}},"24":{"start":{"line":224,"column":2},"end":{"line":242,"column":15}}},"fnMap":{"0":{"name":"(anonymous_0)","decl":{"start":{"line":5,"column":30},"end":{"line":5,"column":31}},"loc":{"start":{"line":5,"column":83},"end":{"line":34,"column":1}},"line":5},"1":{"name":"(anonymous_1)","decl":{"start":{"line":37,"column":28},"end":{"line":37,"column":29}},"loc":{"start":{"line":38,"column":2},"end":{"line":51,"column":8}},"line":38},"2":{"name":"(anonymous_2)","decl":{"start":{"line":55,"column":30},"end":{"line":55,"column":31}},"loc":{"start":{"line":55,"column":83},"end":{"line":77,"column":1}},"line":55},"3":{"name":"(anonymous_3)","decl":{"start":{"line":80,"column":29},"end":{"line":80,"column":30}},"loc":{"start":{"line":88,"column":2},"end":{"line":109,"column":18}},"line":88},"4":{"name":"(anonymous_4)","decl":{"start":{"line":113,"column":27},"end":{"line":113,"column":28}},"loc":{"start":{"line":114,"column":2},"end":{"line":120,"column":4}},"line":114},"5":{"name":"(anonymous_5)","decl":{"start":{"line":124,"column":26},"end":{"line":124,"column":27}},"loc":{"start":{"line":125,"column":2},"end":{"line":138,"column":8}},"line":125},"6":{"name":"(anonymous_6)","decl":{"start":{"line":126,"column":19},"end":{"line":126,"column":20}},"loc":{"start":{"line":127,"column":6},"end":{"line":136,"column":8}},"line":127},"7":{"name":"(anonymous_7)","decl":{"start":{"line":142,"column":28},"end":{"line":142,"column":29}},"loc":{"start":{"line":143,"column":2},"end":{"line":162,"column":15}},"line":143},"8":{"name":"(anonymous_8)","decl":{"start":{"line":166,"column":27},"end":{"line":166,"column":28}},"loc":{"start":{"line":167,"column":2},"end":{"line":184,"column":8}},"line":167},"9":{"name":"(anonymous_9)","decl":{"start":{"line":188,"column":28},"end":{"line":188,"column":29}},"loc":{"start":{"line":189,"column":2},"end":{"line":219,"column":15}},"line":189},"10":{"name":"(anonymous_10)","decl":{"start":{"line":223,"column":28},"end":{"line":223,"column":29}},"loc":{"start":{"line":224,"column":2},"end":{"line":242,"column":15}},"line":224}},"branchMap":{"0":{"loc":{"start":{"line":5,"column":33},"end":{"line":5,"column":44}},"type":"default-arg","locations":[{"start":{"line":5,"column":40},"end":{"line":5,"column":44}}],"line":5},"1":{"loc":{"start":{"line":5,"column":46},"end":{"line":5,"column":60}},"type":"default-arg","locations":[{"start":{"line":5,"column":54},"end":{"line":5,"column":60}}],"line":5},"2":{"loc":{"start":{"line":5,"column":62},"end":{"line":5,"column":76}},"type":"default-arg","locations":[{"start":{"line":5,"column":74},"end":{"line":5,"column":76}}],"line":5},"3":{"loc":{"start":{"line":37,"column":31},"end":{"line":37,"column":45}},"type":"default-arg","locations":[{"start":{"line":37,"column":43},"end":{"line":37,"column":45}}],"line":37},"4":{"loc":{"start":{"line":55,"column":54},"end":{"line":55,"column":76}},"type":"default-arg","locations":[{"start":{"line":55,"column":64},"end":{"line":55,"column":76}}],"line":55},"5":{"loc":{"start":{"line":56,"column":2},"end":{"line":56,"column":34}},"type":"if","locations":[{"start":{"line":56,"column":2},"end":{"line":56,"column":34}},{"start":{},"end":{}}],"line":56},"6":{"loc":{"start":{"line":83,"column":2},"end":{"line":83,"column":16}},"type":"default-arg","locations":[{"start":{"line":83,"column":14},"end":{"line":83,"column":16}}],"line":83},"7":{"loc":{"start":{"line":84,"column":2},"end":{"line":84,"column":18}},"type":"default-arg","locations":[{"start":{"line":84,"column":13},"end":{"line":84,"column":18}}],"line":84},"8":{"loc":{"start":{"line":85,"column":2},"end":{"line":85,"column":28}},"type":"default-arg","locations":[{"start":{"line":85,"column":16},"end":{"line":85,"column":28}}],"line":85},"9":{"loc":{"start":{"line":91,"column":8},"end":{"line":91,"column":83}},"type":"cond-expr","locations":[{"start":{"line":91,"column":32},"end":{"line":91,"column":63}},{"start":{"line":91,"column":66},"end":{"line":91,"column":83}}],"line":91},"10":{"loc":{"start":{"line":91,"column":8},"end":{"line":91,"column":29}},"type":"binary-expr","locations":[{"start":{"line":91,"column":8},"end":{"line":91,"column":17}},{"start":{"line":91,"column":21},"end":{"line":91,"column":29}}],"line":91},"11":{"loc":{"start":{"line":94,"column":14},"end":{"line":94,"column":35}},"type":"binary-expr","locations":[{"start":{"line":94,"column":14},"end":{"line":94,"column":23}},{"start":{"line":94,"column":27},"end":{"line":94,"column":35}}],"line":94},"12":{"loc":{"start":{"line":95,"column":16},"end":{"line":95,"column":63}},"type":"cond-expr","locations":[{"start":{"line":95,"column":43},"end":{"line":95,"column":58}},{"start":{"line":95,"column":61},"end":{"line":95,"column":63}}],"line":95},"13":{"loc":{"start":{"line":95,"column":18},"end":{"line":95,"column":39}},"type":"binary-expr","locations":[{"start":{"line":95,"column":18},"end":{"line":95,"column":27}},{"start":{"line":95,"column":31},"end":{"line":95,"column":39}}],"line":95},"14":{"loc":{"start":{"line":96,"column":14},"end":{"line":96,"column":61}},"type":"cond-expr","locations":[{"start":{"line":96,"column":41},"end":{"line":96,"column":56}},{"start":{"line":96,"column":59},"end":{"line":96,"column":61}}],"line":96},"15":{"loc":{"start":{"line":96,"column":16},"end":{"line":96,"column":37}},"type":"binary-expr","locations":[{"start":{"line":96,"column":16},"end":{"line":96,"column":25}},{"start":{"line":96,"column":29},"end":{"line":96,"column":37}}],"line":96},"16":{"loc":{"start":{"line":98,"column":19},"end":{"line":98,"column":40}},"type":"binary-expr","locations":[{"start":{"line":98,"column":19},"end":{"line":98,"column":28}},{"start":{"line":98,"column":32},"end":{"line":98,"column":40}}],"line":98},"17":{"loc":{"start":{"line":101,"column":5},"end":{"line":108,"column":5}},"type":"cond-expr","locations":[{"start":{"line":102,"column":6},"end":{"line":105,"column":12}},{"start":{"line":107,"column":6},"end":{"line":107,"column":14}}],"line":101},"18":{"loc":{"start":{"line":113,"column":30},"end":{"line":113,"column":44}},"type":"default-arg","locations":[{"start":{"line":113,"column":42},"end":{"line":113,"column":44}}],"line":113},"19":{"loc":{"start":{"line":124,"column":29},"end":{"line":124,"column":47}},"type":"default-arg","locations":[{"start":{"line":124,"column":37},"end":{"line":124,"column":47}}],"line":124},"20":{"loc":{"start":{"line":166,"column":30},"end":{"line":166,"column":46}},"type":"default-arg","locations":[{"start":{"line":166,"column":39},"end":{"line":166,"column":46}}],"line":166},"21":{"loc":{"start":{"line":223,"column":40},"end":{"line":223,"column":71}},"type":"default-arg","locations":[{"start":{"line":223,"column":50},"end":{"line":223,"column":71}}],"line":223}},"s":{"0":0,"1":0,"2":0,"3":0,"4":0,"5":0,"6":0,"7":0,"8":0,"9":0,"10":0,"11":0,"12":0,"13":0,"14":0,"15":0,"16":0,"17":0,"18":0,"19":0,"20":0,"21":0,"22":0,"23":0,"24":0},"f":{"0":0,"1":0,"2":0,"3":0,"4":0,"5":0,"6":0,"7":0,"8":0,"9":0,"10":0},"b":{"0":[0],"1":[0],"2":[0],"3":[0],"4":[0],"5":[0,0],"6":[0],"7":[0],"8":[0],"9":[0,0],"10":[0,0],"11":[0,0],"12":[0,0],"13":[0,0],"14":[0,0],"15":[0,0],"16":[0,0],"17":[0,0],"18":[0],"19":[0],"20":[0],"21":[0]}}
,"/Users/venkeyy_10/Desktop/stroke-shield-main/client/src/components/PoseDetection.js": {"path":"/Users/venkeyy_10/Desktop/stroke-shield-main/client/src/components/PoseDetection.js","statementMap":{"0":{"start":{"line":4,"column":22},"end":{"line":121,"column":1}},"1":{"start":{"line":5,"column":26},"end":{"line":5,"column":40}},"2":{"start":{"line":6,"column":30},"end":{"line":6,"column":44}},"3":{"start":{"line":7,"column":44},"end":{"line":7,"column":59}},"4":{"start":{"line":10,"column":2},"end":{"line":49,"column":9}},"5":{"start":{"line":11,"column":33},"end":{"line":46,"column":5}},"6":{"start":{"line":13,"column":6},"end":{"line":16,"column":7}},"7":{"start":{"line":14,"column":8},"end":{"line":14,"column":31}},"8":{"start":{"line":15,"column":8},"end":{"line":15,"column":15}},"9":{"start":{"line":19,"column":25},"end":{"line":19,"column":57}},"10":{"start":{"line":20,"column":6},"end":{"line":20,"column":78}},"11":{"start":{"line":21,"column":6},"end":{"line":21,"column":43}},"12":{"start":{"line":24,"column":25},"end":{"line":24,"column":29}},"13":{"start":{"line":25,"column":6},"end":{"line":29,"column":7}},"14":{"start":{"line":26,"column":8},"end":{"line":26,"column":56}},"15":{"start":{"line":27,"column":8},"end":{"line":27,"column":98}},"16":{"start":{"line":28,"column":8},"end":{"line":28,"column":47}},"17":{"start":{"line":31,"column":26},"end":{"line":31,"column":46}},"18":{"start":{"line":32,"column":27},"end":{"line":37,"column":7}},"19":{"start":{"line":33,"column":8},"end":{"line":33,"column":24}},"20":{"start":{"line":34,"column":8},"end":{"line":36,"column":9}},"21":{"start":{"line":35,"column":10},"end":{"line":35,"column":33}},"22":{"start":{"line":39,"column":6},"end":{"line":39,"column":39}},"23":{"start":{"line":40,"column":6},"end":{"line":43,"column":7}},"24":{"start":{"line":41,"column":8},"end":{"line":41,"column":43}},"25":{"start":{"line":42,"column":8},"end":{"line":42,"column":48}},"26":{"start":{"line":45,"column":6},"end":{"line":45,"column":44}},"27":{"start":{"line":48,"column":4},"end":{"line":48,"column":27}},"28":{"start":{"line":51,"column":2},"end":{"line":110,"column":82}},"29":{"start":{"line":52,"column":4},"end":{"line":52,"column":53}},"30":{"start":{"line":52,"column":46},"end":{"line":52,"column":53}},"31":{"start":{"line":55,"column":27},"end":{"line":100,"column":5}},"32":{"start":{"line":56,"column":6},"end":{"line":99,"column":7}},"33":{"start":{"line":57,"column":26},"end":{"line":61,"column":10}},"34":{"start":{"line":59,"column":12},"end":{"line":59,"column":74}},"35":{"start":{"line":63,"column":8},"end":{"line":70,"column":11}},"36":{"start":{"line":72,"column":8},"end":{"line":79,"column":11}},"37":{"start":{"line":73,"column":10},"end":{"line":73,"column":29}},"38":{"start":{"line":75,"column":10},"end":{"line":78,"column":11}},"39":{"start":{"line":76,"column":28},"end":{"line":76,"column":65}},"40":{"start":{"line":77,"column":12},"end":{"line":77,"column":37}},"41":{"start":{"line":81,"column":8},"end":{"line":81,"column":27}},"42":{"start":{"line":84,"column":8},"end":{"line":96,"column":9}},"43":{"start":{"line":85,"column":22},"end":{"line":93,"column":12}},"44":{"start":{"line":87,"column":14},"end":{"line":89,"column":15}},"45":{"start":{"line":88,"column":16},"end":{"line":88,"column":67}},"46":{"start":{"line":95,"column":10},"end":{"line":95,"column":25}},"47":{"start":{"line":98,"column":8},"end":{"line":98,"column":57}},"48":{"start":{"line":102,"column":4},"end":{"line":102,"column":21}},"49":{"start":{"line":104,"column":4},"end":{"line":109,"column":6}},"50":{"start":{"line":105,"column":6},"end":{"line":107,"column":7}},"51":{"start":{"line":106,"column":8},"end":{"line":106,"column":21}},"52":{"start":{"line":112,"column":2},"end":{"line":118,"column":28}},"53":{"start":{"line":113,"column":4},"end":{"line":117,"column":5}},"54":{"start":{"line":114,"column":6},"end":{"line":114,"column":21}},"55":{"start":{"line":115,"column":11},"end":{"line":117,"column":5}},"56":{"start":{"line":116,"column":6},"end":{"line":116,"column":20}},"57":{"start":{"line":120,"column":2},"end":{"line":120,"column":14}}},"fnMap":{"0":{"name":"(anonymous_0)","decl":{"start":{"line":4,"column":22},"end":{"line":4,"column":23}},"loc":{"start":{"line":4,"column":82},"end":{"line":121,"column":1}},"line":4},"1":{"name":"(anonymous_1)","decl":{"start":{"line":10,"column":12},"end":{"line":10,"column":13}},"loc":{"start":{"line":10,"column":18},"end":{"line":49,"column":3}},"line":10},"2":{"name":"(anonymous_2)","decl":{"start":{"line":11,"column":33},"end":{"line":11,"column":34}},"loc":{"start":{"line":11,"column":39},"end":{"line":46,"column":5}},"line":11},"3":{"name":"(anonymous_3)","decl":{"start":{"line":32,"column":27},"end":{"line":32,"column":28}},"loc":{"start":{"line":32,"column":33},"end":{"line":37,"column":7}},"line":32},"4":{"name":"(anonymous_4)","decl":{"start":{"line":51,"column":12},"end":{"line":51,"column":13}},"loc":{"start":{"line":51,"column":18},"end":{"line":110,"column":3}},"line":51},"5":{"name":"(anonymous_5)","decl":{"start":{"line":55,"column":27},"end":{"line":55,"column":28}},"loc":{"start":{"line":55,"column":39},"end":{"line":100,"column":5}},"line":55},"6":{"name":"(anonymous_6)","decl":{"start":{"line":58,"column":22},"end":{"line":58,"column":23}},"loc":{"start":{"line":58,"column":32},"end":{"line":60,"column":11}},"line":58},"7":{"name":"(anonymous_7)","decl":{"start":{"line":72,"column":28},"end":{"line":72,"column":29}},"loc":{"start":{"line":72,"column":41},"end":{"line":79,"column":9}},"line":72},"8":{"name":"(anonymous_8)","decl":{"start":{"line":86,"column":21},"end":{"line":86,"column":22}},"loc":{"start":{"line":86,"column":33},"end":{"line":90,"column":13}},"line":86},"9":{"name":"(anonymous_9)","decl":{"start":{"line":104,"column":11},"end":{"line":104,"column":12}},"loc":{"start":{"line":104,"column":17},"end":{"line":109,"column":5}},"line":104},"10":{"name":"(anonymous_10)","decl":{"start":{"line":112,"column":12},"end":{"line":112,"column":13}},"loc":{"start":{"line":112,"column":18},"end":{"line":118,"column":3}},"line":112}},"branchMap":{"0":{"loc":{"start":{"line":13,"column":6},"end":{"line":16,"column":7}},"type":"if","locations":[{"start":{"line":13,"column":6},"end":{"line":16,"column":7}},{"start":{},"end":{}}],"line":13},"1":{"loc":{"start":{"line":13,"column":10},"end":{"line":13,"column":38}},"type":"binary-expr","locations":[{"start":{"line":13,"column":10},"end":{"line":13,"column":21}},{"start":{"line":13,"column":25},"end":{"line":13,"column":38}}],"line":13},"2":{"loc":{"start":{"line":25,"column":6},"end":{"line":29,"column":7}},"type":"if","locations":[{"start":{"line":25,"column":6},"end":{"line":29,"column":7}},{"start":{},"end":{}}],"line":25},"3":{"loc":{"start":{"line":31,"column":26},"end":{"line":31,"column":46}},"type":"cond-expr","locations":[{"start":{"line":31,"column":41},"end":{"line":31,"column":42}},{"start":{"line":31,"column":45},"end":{"line":31,"column":46}}],"line":31},"4":{"loc":{"start":{"line":34,"column":8},"end":{"line":36,"column":9}},"type":"if","locations":[{"start":{"line":34,"column":8},"end":{"line":36,"column":9}},{"start":{},"end":{}}],"line":34},"5":{"loc":{"start":{"line":40,"column":6},"end":{"line":43,"column":7}},"type":"if","locations":[{"start":{"line":40,"column":6},"end":{"line":43,"column":7}},{"start":{},"end":{}}],"line":40},"6":{"loc":{"start":{"line":52,"column":4},"end":{"line":52,"column":53}},"type":"if","locations":[{"start":{"line":52,"column":4},"end":{"line":52,"column":53}},{"start":{},"end":{}}],"line":52},"7":{"loc":{"start":{"line":52,"column":8},"end":{"line":52,"column":44}},"type":"binary-expr","locations":[{"start":{"line":52,"column":8},"end":{"line":52,"column":26}},{"start":{"line":52,"column":30},"end":{"line":52,"column":44}}],"line":52},"8":{"loc":{"start":{"line":75,"column":10},"end":{"line":78,"column":11}},"type":"if","locations":[{"start":{"line":75,"column":10},"end":{"line":78,"column":11}},{"start":{},"end":{}}],"line":75},"9":{"loc":{"start":{"line":84,"column":8},"end":{"line":96,"column":9}},"type":"if","locations":[{"start":{"line":84,"column":8},"end":{"line":96,"column":9}},{"start":{},"end":{}}],"line":84},"10":{"loc":{"start":{"line":84,"column":12},"end":{"line":84,"column":57}},"type":"binary-expr","locations":[{"start":{"line":84,"column":12},"end":{"line":84,"column":19}},{"start":{"line":84,"column":23},"end":{"line":84,"column":40}},{"start":{"line":84,"column":44},"end":{"line":84,"column":57}}],"line":84},"11":{"loc":{"start":{"line":87,"column":14},"end":{"line":89,"column":15}},"type":"if","locations":[{"start":{"line":87,"column":14},"end":{"line":89,"column":15}},{"start":{},"end":{}}],"line":87},"12":{"loc":{"start":{"line":87,"column":18},"end":{"line":87,"column":63}},"type":"binary-expr","locations":[{"start":{"line":87,"column":18},"end":{"line":87,"column":35}},{"start":{"line":87,"column":39},"end":{"line":87,"column":50}},{"start":{"line":87,"column":54},"end":{"line":87,"column":63}}],"line":87},"13":{"loc":{"start":{"line":105,"column":6},"end":{"line":107,"column":7}},"type":"if","locations":[{"start":{"line":105,"column":6},"end":{"line":107,"column":7}},{"start":{},"end":{}}],"line":105},"14":{"loc":{"start":{"line":113,"column":4},"end":{"line":117,"column":5}},"type":"if","locations":[{"start":{"line":113,"column":4},"end":{"line":117,"column":5}},{"start":{"line":115,"column":11},"end":{"line":117,"column":5}}],"line":113},"15":{"loc":{"start":{"line":113,"column":8},"end":{"line":113,"column":29}},"type":"binary-expr","locations":[{"start":{"line":113,"column":8},"end":{"line":113,"column":14}},{"start":{"line":113,"column":18},"end":{"line":113,"column":29}}],"line":113},"16":{"loc":{"start":{"line":115,"column":11},"end":{"line":117,"column":5}},"type":"if","locations":[{"start":{"line":115,"column":11},"end":{"line":117,"column":5}},{"start":{},"end":{}}],"line":115},"17":{"loc":{"start":{"line":115,"column":15},"end":{"line":115,"column":37}},"type":"binary-expr","locations":[{"start":{"line":115,"column":15},"end":{"line":115,"column":21}},{"start":{"line":115,"column":25},"end":{"line":115,"column":37}}],"line":115}},"s":{"0":0,"1":0,"2":0,"3":0,"4":0,"5":0,"6":0,"7":0,"8":0,"9":0,"10":0,"11":0,"12":0,"13":0,"14":0,"15":0,"16":0,"17":0,"18":0,"19":0,"20":0,"21":0,"22":0,"23":0,"24":0,"25":0,"26":0,"27":0,"28":0,"29":0,"30":0,"31":0,"32":0,"33":0,"34":0,"35":0,"36":0,"37":0,"38":0,"39":0,"40":0,"41":0,"42":0,"43":0,"44":0,"45":0,"46":0,"47":0,"48":0,"49":0,"50":0,"51":0,"52":0,"53":0,"54":0,"55":0,"56":0,"57":0},"f":{"0":0,"1":0,"2":0,"3":0,"4":0,"5":0,"6":0,"7":0,"8":0,"9":0,"10":0},"b":{"0":[0,0],"1":[0,0],"2":[0,0],"3":[0,0],"4":[0,0],"5":[0,0],"6":[0,0],"7":[0,0],"8":[0,0],"9":[0,0],"10":[0,0,0],"11":[0,0],"12":[0,0,0],"13":[0,0],"14":[0,0],"15":[0,0],"16":[0,0],"17":[0,0]}}
,"/Users/venkeyy_10/Desktop/stroke-shield-main/client/src/components/ResultsPanel.js": {"path":"/Users/venkeyy_10/Desktop/stroke-shield-main/client/src/components/ResultsPanel.js","statementMap":{"0":{"start":{"line":5,"column":21},"end":{"line":349,"column":1}},"1":{"start":{"line":6,"column":19},"end":{"line":6,"column":31}},"2":{"start":{"line":7,"column":24},"end":{"line":7,"column":36}},"3":{"start":{"line":10,"column":23},"end":{"line":13,"column":3}},"4":{"start":{"line":11,"column":4},"end":{"line":11,"column":60}},"5":{"start":{"line":11,"column":47},"end":{"line":11,"column":60}},"6":{"start":{"line":12,"column":4},"end":{"line":12,"column":42}},"7":{"start":{"line":16,"column":23},"end":{"line":23,"column":3}},"8":{"start":{"line":17,"column":4},"end":{"line":22,"column":5}},"9":{"start":{"line":18,"column":19},"end":{"line":18,"column":65}},"10":{"start":{"line":19,"column":21},"end":{"line":19,"column":71}},"11":{"start":{"line":20,"column":18},"end":{"line":20,"column":72}},"12":{"start":{"line":21,"column":15},"end":{"line":21,"column":63}},"13":{"start":{"line":26,"column":2},"end":{"line":145,"column":41}},"14":{"start":{"line":27,"column":4},"end":{"line":27,"column":34}},"15":{"start":{"line":27,"column":27},"end":{"line":27,"column":34}},"16":{"start":{"line":29,"column":4},"end":{"line":31,"column":5}},"17":{"start":{"line":30,"column":6},"end":{"line":30,"column":38}},"18":{"start":{"line":34,"column":28},"end":{"line":39,"column":5}},"19":{"start":{"line":41,"column":26},"end":{"line":45,"column":5}},"20":{"start":{"line":48,"column":16},"end":{"line":48,"column":49}},"21":{"start":{"line":49,"column":4},"end":{"line":138,"column":7}},"22":{"start":{"line":63,"column":45},"end":{"line":63,"column":52}},"23":{"start":{"line":63,"column":81},"end":{"line":63,"column":88}},"24":{"start":{"line":128,"column":16},"end":{"line":128,"column":78}},"25":{"start":{"line":140,"column":4},"end":{"line":144,"column":6}},"26":{"start":{"line":141,"column":6},"end":{"line":143,"column":7}},"27":{"start":{"line":142,"column":8},"end":{"line":142,"column":40}},"28":{"start":{"line":148,"column":28},"end":{"line":151,"column":3}},"29":{"start":{"line":153,"column":23},"end":{"line":156,"column":3}},"30":{"start":{"line":158,"column":2},"end":{"line":348,"column":4}},"31":{"start":{"line":313,"column":16},"end":{"line":321,"column":28}}},"fnMap":{"0":{"name":"(anonymous_0)","decl":{"start":{"line":5,"column":21},"end":{"line":5,"column":22}},"loc":{"start":{"line":5,"column":94},"end":{"line":349,"column":1}},"line":5},"1":{"name":"(anonymous_1)","decl":{"start":{"line":10,"column":23},"end":{"line":10,"column":24}},"loc":{"start":{"line":10,"column":34},"end":{"line":13,"column":3}},"line":10},"2":{"name":"(anonymous_2)","decl":{"start":{"line":16,"column":23},"end":{"line":16,"column":24}},"loc":{"start":{"line":16,"column":34},"end":{"line":23,"column":3}},"line":16},"3":{"name":"(anonymous_3)","decl":{"start":{"line":26,"column":12},"end":{"line":26,"column":13}},"loc":{"start":{"line":26,"column":18},"end":{"line":145,"column":3}},"line":26},"4":{"name":"(anonymous_4)","decl":{"start":{"line":63,"column":40},"end":{"line":63,"column":41}},"loc":{"start":{"line":63,"column":45},"end":{"line":63,"column":52}},"line":63},"5":{"name":"(anonymous_5)","decl":{"start":{"line":63,"column":76},"end":{"line":63,"column":77}},"loc":{"start":{"line":63,"column":81},"end":{"line":63,"column":88}},"line":63},"6":{"name":"(anonymous_6)","decl":{"start":{"line":127,"column":21},"end":{"line":127,"column":22}},"loc":{"start":{"line":127,"column":39},"end":{"line":129,"column":15}},"line":127},"7":{"name":"(anonymous_7)","decl":{"start":{"line":140,"column":11},"end":{"line":140,"column":12}},"loc":{"start":{"line":140,"column":17},"end":{"line":144,"column":5}},"line":140},"8":{"name":"(anonymous_8)","decl":{"start":{"line":312,"column":38},"end":{"line":312,"column":39}},"loc":{"start":{"line":313,"column":16},"end":{"line":321,"column":28}},"line":313}},"branchMap":{"0":{"loc":{"start":{"line":11,"column":4},"end":{"line":11,"column":60}},"type":"if","locations":[{"start":{"line":11,"column":4},"end":{"line":11,"column":60}},{"start":{},"end":{}}],"line":11},"1":{"loc":{"start":{"line":11,"column":8},"end":{"line":11,"column":45}},"type":"binary-expr","locations":[{"start":{"line":11,"column":8},"end":{"line":11,"column":27}},{"start":{"line":11,"column":31},"end":{"line":11,"column":45}}],"line":11},"2":{"loc":{"start":{"line":17,"column":4},"end":{"line":22,"column":5}},"type":"switch","locations":[{"start":{"line":18,"column":6},"end":{"line":18,"column":65}},{"start":{"line":19,"column":6},"end":{"line":19,"column":71}},{"start":{"line":20,"column":6},"end":{"line":20,"column":72}},{"start":{"line":21,"column":6},"end":{"line":21,"column":63}}],"line":17},"3":{"loc":{"start":{"line":27,"column":4},"end":{"line":27,"column":34}},"type":"if","locations":[{"start":{"line":27,"column":4},"end":{"line":27,"column":34}},{"start":{},"end":{}}],"line":27},"4":{"loc":{"start":{"line":29,"column":4},"end":{"line":31,"column":5}},"type":"if","locations":[{"start":{"line":29,"column":4},"end":{"line":31,"column":5}},{"start":{},"end":{}}],"line":29},"5":{"loc":{"start":{"line":35,"column":6},"end":{"line":35,"column":40}},"type":"binary-expr","locations":[{"start":{"line":35,"column":6},"end":{"line":35,"column":35}},{"start":{"line":35,"column":39},"end":{"line":35,"column":40}}],"line":35},"6":{"loc":{"start":{"line":36,"column":6},"end":{"line":36,"column":42}},"type":"binary-expr","locations":[{"start":{"line":36,"column":6},"end":{"line":36,"column":37}},{"start":{"line":36,"column":41},"end":{"line":36,"column":42}}],"line":36},"7":{"loc":{"start":{"line":37,"column":6},"end":{"line":37,"column":44}},"type":"binary-expr","locations":[{"start":{"line":37,"column":6},"end":{"line":37,"column":39}},{"start":{"line":37,"column":43},"end":{"line":37,"column":44}}],"line":37},"8":{"loc":{"start":{"line":38,"column":6},"end":{"line":38,"column":44}},"type":"binary-expr","locations":[{"start":{"line":38,"column":6},"end":{"line":38,"column":39}},{"start":{"line":38,"column":43},"end":{"line":38,"column":44}}],"line":38},"9":{"loc":{"start":{"line":42,"column":6},"end":{"line":42,"column":43}},"type":"binary-expr","locations":[{"start":{"line":42,"column":6},"end":{"line":42,"column":38}},{"start":{"line":42,"column":42},"end":{"line":42,"column":43}}],"line":42},"10":{"loc":{"start":{"line":43,"column":6},"end":{"line":43,"column":34}},"type":"binary-expr","locations":[{"start":{"line":43,"column":6},"end":{"line":43,"column":29}},{"start":{"line":43,"column":33},"end":{"line":43,"column":34}}],"line":43},"11":{"loc":{"start":{"line":44,"column":6},"end":{"line":44,"column":34}},"type":"binary-expr","locations":[{"start":{"line":44,"column":6},"end":{"line":44,"column":29}},{"start":{"line":44,"column":33},"end":{"line":44,"column":34}}],"line":44},"12":{"loc":{"start":{"line":141,"column":6},"end":{"line":143,"column":7}},"type":"if","locations":[{"start":{"line":141,"column":6},"end":{"line":143,"column":7}},{"start":{},"end":{}}],"line":141},"13":{"loc":{"start":{"line":188,"column":11},"end":{"line":188,"column":71}},"type":"binary-expr","locations":[{"start":{"line":188,"column":11},"end":{"line":188,"column":31}},{"start":{"line":188,"column":35},"end":{"line":188,"column":71}}],"line":188},"14":{"loc":{"start":{"line":189,"column":11},"end":{"line":189,"column":82}},"type":"binary-expr","locations":[{"start":{"line":189,"column":11},"end":{"line":189,"column":33}},{"start":{"line":189,"column":37},"end":{"line":189,"column":82}}],"line":189},"15":{"loc":{"start":{"line":190,"column":11},"end":{"line":190,"column":66}},"type":"binary-expr","locations":[{"start":{"line":190,"column":11},"end":{"line":190,"column":30}},{"start":{"line":190,"column":34},"end":{"line":190,"column":66}}],"line":190},"16":{"loc":{"start":{"line":191,"column":11},"end":{"line":191,"column":44}},"type":"binary-expr","locations":[{"start":{"line":191,"column
[...]
,"/Users/venkeyy_10/Desktop/stroke-shield-main/client/src/utils/apiService.js": {"path":"/Users/venkeyy_10/Desktop/stroke-shield-main/client/src/utils/apiService.js","statementMap":{"0":{"start":{"line":2,"column":21},"end":{"line":2,"column":56}},"1":{"start":{"line":7,"column":4},"end":{"line":27,"column":5}},"2":{"start":{"line":8,"column":23},"end":{"line":17,"column":8}},"3":{"start":{"line":19,"column":6},"end":{"line":21,"column":7}},"4":{"start":{"line":20,"column":8},"end":{"line":20,"column":57}},"5":{"start":{"line":23,"column":6},"end":{"line":23,"column":35}},"6":{"start":{"line":25,"column":6},"end":{"line":25,"column":55}},"7":{"start":{"line":26,"column":6},"end":{"line":26,"column":18}},"8":{"start":{"line":32,"column":4},"end":{"line":43,"column":5}},"9":{"start":{"line":33,"column":23},"end":{"line":33,"column":91}},"10":{"start":{"line":35,"column":6},"end":{"line":37,"column":7}},"11":{"start":{"line":36,"column":8},"end":{"line":36,"column":57}},"12":{"start":{"line":39,"column":6},"end":{"line":39,"column":35}},"13":{"start":{"line":41,"column":6},"end":{"line":41,"column":65}},"14":{"start":{"line":42,"column":6},"end":{"line":42,"column":18}},"15":{"start":{"line":48,"column":4},"end":{"line":73,"column":5}},"16":{"start":{"line":49,"column":23},"end":{"line":55,"column":8}},"17":{"start":{"line":57,"column":6},"end":{"line":67,"column":7}},"18":{"start":{"line":58,"column":8},"end":{"line":65,"column":9}},"19":{"start":{"line":60,"column":28},"end":{"line":60,"column":49}},"20":{"start":{"line":61,"column":10},"end":{"line":64,"column":11}},"21":{"start":{"line":62,"column":12},"end":{"line":62,"column":89}},"22":{"start":{"line":63,"column":12},"end":{"line":63,"column":38}},"23":{"start":{"line":66,"column":8},"end":{"line":66,"column":57}},"24":{"start":{"line":69,"column":6},"end":{"line":69,"column":35}},"25":{"start":{"line":71,"column":6},"end":{"line":71,"column":54}},"26":{"start":{"line":72,"column":6},"end":{"line":72,"column":18}},"27":{"start":{"line":78,"column":4},"end":{"line":89,"column":5}},"28":{"start":{"line":79,"column":23},"end":{"line":79,"column":95}},"29":{"start":{"line":81,"column":6},"end":{"line":83,"column":7}},"30":{"start":{"line":82,"column":8},"end":{"line":82,"column":57}},"31":{"start":{"line":85,"column":6},"end":{"line":85,"column":35}},"32":{"start":{"line":87,"column":6},"end":{"line":87,"column":69}},"33":{"start":{"line":88,"column":6},"end":{"line":88,"column":18}},"34":{"start":{"line":94,"column":4},"end":{"line":111,"column":5}},"35":{"start":{"line":95,"column":23},"end":{"line":101,"column":8}},"36":{"start":{"line":103,"column":6},"end":{"line":105,"column":7}},"37":{"start":{"line":104,"column":8},"end":{"line":104,"column":57}},"38":{"start":{"line":107,"column":6},"end":{"line":107,"column":35}},"39":{"start":{"line":109,"column":6},"end":{"line":109,"column":53}},"40":{"start":{"line":110,"column":6},"end":{"line":110,"column":18}},"41":{"start":{"line":116,"column":4},"end":{"line":133,"column":5}},"42":{"start":{"line":117,"column":23},"end":{"line":123,"column":8}},"43":{"start":{"line":125,"column":6},"end":{"line":127,"column":7}},"44":{"start":{"line":126,"column":8},"end":{"line":126,"column":57}},"45":{"start":{"line":129,"column":6},"end":{"line":129,"column":35}},"46":{"start":{"line":131,"column":6},"end":{"line":131,"column":56}},"47":{"start":{"line":132,"column":6},"end":{"line":132,"column":18}},"48":{"start":{"line":138,"column":4},"end":{"line":149,"column":5}},"49":{"start":{"line":139,"column":23},"end":{"line":139,"column":64}},"50":{"start":{"line":141,"column":6},"end":{"line":143,"column":7}},"51":{"start":{"line":142,"column":8},"end":{"line":142,"column":57}},"52":{"start":{"line":145,"column":6},"end":{"line":145,"column":35}},"53":{"start":{"line":147,"column":6},"end":{"line":147,"column":57}},"54":{"start":{"line":148,"column":6},"end":{"line":148,"column":18}}},"fnMap":{"0":{"name":"(anonymous_0)","decl":{"start":{"line":6,"column":2},"end":{"line":6,"column":3}},"loc":{"start":{"line":6,"column":46},"end":{"line":28,"column":3}},"line":6},"1":{"name":"(anonymous_1)","decl":{"start":{"line":31,"column":2},"end":{"line":31,"column":3}},"loc":{"start":{"line":31,"column":48},"end":{"line":44,"column":3}},"line":31},"2":{"name":"(anonymous_2)","decl":{"start":{"line":47,"column":2},"end":{"line":47,"column":3}},"loc":{"start":{"line":47,"column":64},"end":{"line":74,"column":3}},"line":47},"3":{"name":"(anonymous_3)","decl":{"start":{"line":77,"column":2},"end":{"line":77,"column":3}},"loc":{"start":{"line":77,"column":50},"end":{"line":90,"column":3}},"line":77},"4":{"name":"(anonymous_4)","decl":{"start":{"line":93,"column":2},"end":{"line":93,"column":3}},"loc":{"start":{"line":93,"column":38},"end":{"line":112,"column":3}},"line":93},"5":{"name":"(anonymous_5)","decl":{"start":{"line":115,"column":2},"end":{"line":115,"column":3}},"loc":{"start":{"line":115,"column":41},"end":{"line":134,"column":3}},"line":115},"6":{"name":"(anonymous_6)","decl":{"start":{"line":137,"column":2},"end":{"line":137,"column":3}},"loc":{"start":{"line":137,"column":29},"end":{"line":150,"column":3}},"line":137}},"branchMap":{"0":{"loc":{"start":{"line":2,"column":21},"end":{"line":2,"column":56}},"type":"binary-expr","locations":[{"start":{"line":2,"column":21},"end":{"line":2,"column":50}},{"start":{"line":2,"column":54},"end":{"line":2,"column":56}}],"line":2},"1":{"loc":{"start":{"line":19,"column":6},"end":{"line":21,"column":7}},"type":"if","locations":[{"start":{"line":19,"column":6},"end":{"line":21,"column":7}},{"start":{},"end":{}}],"line":19},"2":{"loc":{"start":{"line":31,"column":36},"end":{"line":31,"column":46}},"type":"default-arg","locations":[{"start":{"line":31,"column":44},"end":{"line":31,"column":46}}],"line":31},"3":{"loc":{"start":{"line":35,"column":6},"end":{"line":37,"column":7}},"type":"if","locations":[{"start":{"line":35,"column":6},"end":{"line":37,"column":7}},{"start":{},"end":{}}],"line":35},"4":{"loc":{"start":{"line":47,"column":41},"end":{"line":47,"column":62}},"type":"default-arg","locations":[{"start":{"line":47,"column":58},"end":{"line":47,"column":62}}],"line":47},"5":{"loc":{"start":{"line":57,"column":6},"end":{"line":67,"column":7}},"type":"if","locations":[{"start":{"line":57,"column":6},"end":{"line":67,"column":7}},{"start":{},"end":{}}],"line":57},"6":{"loc":{"start":{"line":58,"column":8},"end":{"line":65,"column":9}},"type":"if","locations":[{"start":{"line":58,"column":8},"end":{"line":65,"column":9}},{"start":{},"end":{}}],"line":58},"7":{"loc":{"start":{"line":61,"column":10},"end":{"line":64,"column":11}},"type":"if","locations":[{"start":{"line":61,"column":10},"end":{"line":64,"column":11}},{"start":{},"end":{}}],"line":61},"8":{"loc":{"start":{"line":77,"column":39},"end":{"line":77,"column":48}},"type":"default-arg","locations":[{"start":{"line":77,"column":47},"end":{"line":77,"column":48}}],"line":77},"9":{"loc":{"start":{"line":81,"column":6},"end":{"line":83,"column":7}},"type":"if","locations":[{"start":{"line":81,"column":6},"end":{"line":83,"column":7}},{"start":{},"end":{}}],"line":81},"10":{"loc":{"start":{"line":103,"column":6},"end":{"line":105,"column":7}},"type":"if","locations":[{"start":{"line":103,"column":6},"end":{"line":105,"column":7}},{"start":{},"end":{}}],"line":103},"11":{"loc":{"start":{"line":125,"column":6},"end":{"line":127,"column":7}},"type":"if","locations":[{"start":{"line":125,"column":6},"end":{"line":127,"column":7}},{"start":{},"end":{}}],"line":125},"12":{"loc":{"start":{"line":141,"column":6},"end":{"line":143,"column":7}},"type":"if","locations":[{"start":{"line":141,"column":6},"end":{"line":143,"column":7}},{"start":{},"end":{}}],"line":141}},"s":{"0":0,"1":0,"2":0,"3":0,"4":0,"5":0,"6":0,"7":0,"8":0,"9":0,"10":0,"11":0,"12":0,"13":0,"14":0,"15":0,"16":0,"17":0,"18":0,"19":0,"20":0,"21":0,"22":0,"23":0,"24":0,"25":0,"26":0,"27":0,"28":0,"29":0,"30":0,"31":0,"32":0,"33":0,"34":0,"35":0,"36":0,"37":0,"38":0,"39":0,"40":0,"41":0,"42":0,"43":0,"44":0,"45":0,"46":0,"47":0,"48":0,"49":0,"50":0,"51":0,"52":0,"53":0,"54":0},"f":{"0":0,"1":0,"2":0,"3":0,"4":0,"5":0,"6":0},"b":{"0":[0,0],"1":[0,0],"2":[0],"3":[0,0],"4":[0],"5":[0,0],"6":[0,0],"7":[0,0],"8":[0],"9":[0,0],"10":[0,0],"11":[0,0],"12":[0,0]}}
,"/Users/venkeyy_10/Desktop/stroke-shield-main/client/src/utils/facialAsymmetryDetector.js": {"path":"/Users/venkeyy_10/Desktop/stroke-shield-main/client/src/utils/facialAsymmetryDetector.js","statementMap":{"0":{"start":{"line":8,"column":26},"end":{"line":12,"column":1}},"1":{"start":{"line":9,"column":13},"end":{"line":9,"column":32}},"2":{"start":{"line":10,"column":13},"end":{"line":10,"column":32}},"3":{"start":{"line":11,"column":2},"end":{"line":11,"column":38}},"4":{"start":{"line":15,"column":32},"end":{"line":24,"column":1}},"5":{"start":{"line":16,"column":22},"end":{"line":16,"column":59}},"6":{"start":{"line":17,"column":22},"end":{"line":17,"column":59}},"7":{"start":{"line":20,"column":2},"end":{"line":20,"column":34}},"8":{"start":{"line":20,"column":25},"end":{"line":20,"column":34}},"9":{"start":{"line":23,"column":2},"end":{"line":23,"column":41}},"10":{"start":{"line":27,"column":31},"end":{"line":120,"column":1}},"11":{"start":{"line":28,"column":2},"end":{"line":35,"column":3}},"12":{"start":{"line":29,"column":4},"end":{"line":34,"column":6}},"13":{"start":{"line":39,"column":18},"end":{"line":39,"column":30}},"14":{"start":{"line":40,"column":22},"end":{"line":40,"column":36}},"15":{"start":{"line":41,"column":21},"end":{"line":41,"column":35}},"16":{"start":{"line":44,"column":23},"end":{"line":44,"column":36}},"17":{"start":{"line":45,"column":23},"end":{"line":45,"column":37}},"18":{"start":{"line":46,"column":24},"end":{"line":46,"column":38}},"19":{"start":{"line":47,"column":24},"end":{"line":47,"column":38}},"20":{"start":{"line":50,"column":21},"end":{"line":50,"column":35}},"21":{"start":{"line":51,"column":24},"end":{"line":51,"column":38}},"22":{"start":{"line":52,"column":22},"end":{"line":52,"column":36}},"23":{"start":{"line":53,"column":25},"end":{"line":53,"column":39}},"24":{"start":{"line":56,"column":20},"end":{"line":56,"column":33}},"25":{"start":{"line":57,"column":21},"end":{"line":57,"column":35}},"26":{"start":{"line":60,"column":27},"end":{"line":60,"column":40}},"27":{"start":{"line":61,"column":27},"end":{"line":61,"column":41}},"28":{"start":{"line":62,"column":28},"end":{"line":62,"column":42}},"29":{"start":{"line":63,"column":28},"end":{"line":63,"column":42}},"30":{"start":{"line":66,"column":18},"end":{"line":69,"column":3}},"31":{"start":{"line":72,"column":23},"end":{"line":72,"column":68}},"32":{"start":{"line":73,"column":24},"end":{"line":73,"column":71}},"33":{"start":{"line":74,"column":28},"end":{"line":74,"column":80}},"34":{"start":{"line":76,"column":24},"end":{"line":76,"column":68}},"35":{"start":{"line":77,"column":25},"end":{"line":77,"column":71}},"36":{"start":{"line":78,"column":29},"end":{"line":78,"column":83}},"37":{"start":{"line":81,"column":27},"end":{"line":81,"column":88}},"38":{"start":{"line":82,"column":28},"end":{"line":82,"column":91}},"39":{"start":{"line":83,"column":31},"end":{"line":83,"column":91}},"40":{"start":{"line":86,"column":23},"end":{"line":86,"column":90}},"41":{"start":{"line":89,"column":24},"end":{"line":89,"column":84}},"42":{"start":{"line":90,"column":25},"end":{"line":90,"column":87}},"43":{"start":{"line":91,"column":25},"end":{"line":91,"column":79}},"44":{"start":{"line":94,"column":28},"end":{"line":94,"column":81}},"45":{"start":{"line":95,"column":29},"end":{"line":95,"column":84}},"46":{"start":{"line":96,"column":33},"end":{"line":96,"column":95}},"47":{"start":{"line":98,"column":28},"end":{"line":98,"column":73}},"48":{"start":{"line":99,"column":29},"end":{"line":99,"column":76}},"49":{"start":{"line":100,"column":28},"end":{"line":100,"column":76}},"50":{"start":{"line":102,"column":21},"end":{"line":102,"column":63}},"51":{"start":{"line":103,"column":33},"end":{"line":103,"column":84}},"52":{"start":{"line":105,"column":27},"end":{"line":105,"column":80}},"53":{"start":{"line":109,"column":4},"end":{"line":111,"column":28}},"54":{"start":{"line":114,"column":2},"end":{"line":119,"column":4}}},"fnMap":{"0":{"name":"(anonymous_0)","decl":{"start":{"line":8,"column":26},"end":{"line":8,"column":27}},"loc":{"start":{"line":8,"column":46},"end":{"line":12,"column":1}},"line":8},"1":{"name":"(anonymous_1)","decl":{"start":{"line":15,"column":32},"end":{"line":15,"column":33}},"loc":{"start":{"line":15,"column":65},"end":{"line":24,"column":1}},"line":15},"2":{"name":"(anonymous_2)","decl":{"start":{"line":27,"column":31},"end":{"line":27,"column":32}},"loc":{"start":{"line":27,"column":46},"end":{"line":120,"column":1}},"line":27}},"branchMap":{"0":{"loc":{"start":{"line":20,"column":2},"end":{"line":20,"column":34}},"type":"if","locations":[{"start":{"line":20,"column":2},"end":{"line":20,"column":34}},{"start":{},"end":{}}],"line":20},"1":{"loc":{"start":{"line":28,"column":2},"end":{"line":35,"column":3}},"type":"if","locations":[{"start":{"line":28,"column":2},"end":{"line":35,"column":3}},{"start":{},"end":{}}],"line":28},"2":{"loc":{"start":{"line":28,"column":6},"end":{"line":28,"column":42}},"type":"binary-expr","locations":[{"start":{"line":28,"column":6},"end":{"line":28,"column":16}},{"start":{"line":28,"column":20},"end":{"line":28,"column":42}}],"line":28},"3":{"loc":{"start":{"line":103,"column":33},"end":{"line":103,"column":84}},"type":"cond-expr","locations":[{"start":{"line":103,"column":50},"end":{"line":103,"column":80}},{"start":{"line":103,"column":83},"end":{"line":103,"column":84}}],"line":103}},"s":{"0":0,"1":0,"2":0,"3":0,"4":0,"5":0,"6":0,"7":0,"8":0,"9":0,"10":0,"11":0,"12":0,"13":0,"14":0,"15":0,"16":0,"17":0,"18":0,"19":0,"20":0,"21":0,"22":0,"23":0,"24":0,"25":0,"26":0,"27":0,"28":0,"29":0,"30":0,"31":0,"32":0,"33":0,"34":0,"35":0,"36":0,"37":0,"38":0,"39":0,"40":0,"41":0,"42":0,"43":0,"44":0,"45":0,"46":0,"47":0,"48":0,"49":0,"50":0,"51":0,"52":0,"53":0,"54":0},"f":{"0":0,"1":0,"2":0},"b":{"0":[0,0],"1":[0,0],"2":[0,0],"3":[0,0]}}
,"/Users/venkeyy_10/Desktop/stroke-shield-main/client/src/utils/postureAnalyzer.js": {"path":"/Users/venkeyy_10/Desktop/stroke-shield-main/client/src/utils/postureAnalyzer.js","statementMap":{"0":{"start":{"line":10,"column":23},"end":{"line":20,"column":1}},"1":{"start":{"line":11,"column":18},"end":{"line":11,"column":93}},"2":{"start":{"line":12,"column":14},"end":{"line":12,"column":49}},"3":{"start":{"line":15,"column":2},"end":{"line":17,"column":3}},"4":{"start":{"line":16,"column":4},"end":{"line":16,"column":26}},"5":{"start":{"line":19,"column":2},"end":{"line":19,"column":15}},"6":{"start":{"line":23,"column":23},"end":{"line":26,"column":1}},"7":{"start":{"line":24,"column":2},"end":{"line":24,"column":49}},"8":{"start":{"line":24,"column":25},"end":{"line":24,"column":49}},"9":{"start":{"line":25,"column":2},"end":{"line":25,"column":39}},"10":{"start":{"line":29,"column":23},"end":{"line":31,"column":1}},"11":{"start":{"line":30,"column":2},"end":{"line":30,"column":49}},"12":{"start":{"line":33,"column":23},"end":{"line":96,"column":1}},"13":{"start":{"line":34,"column":2},"end":{"line":40,"column":3}},"14":{"start":{"line":35,"column":4},"end":{"line":39,"column":6}},"15":{"start":{"line":44,"column":23},"end":{"line":44,"column":40}},"16":{"start":{"line":45,"column":24},"end":{"line":45,"column":41}},"17":{"start":{"line":48,"column":18},"end":{"line":48,"column":35}},"18":{"start":{"line":49,"column":19},"end":{"line":49,"column":36}},"19":{"start":{"line":52,"column":18},"end":{"line":52,"column":34}},"20":{"start":{"line":53,"column":19},"end":{"line":53,"column":35}},"21":{"start":{"line":54,"column":15},"end":{"line":54,"column":31}},"22":{"start":{"line":57,"column":24},"end":{"line":57,"column":67}},"23":{"start":{"line":59,"column":28},"end":{"line":59,"column":74}},"24":{"start":{"line":62,"column":22},"end":{"line":65,"column":3}},"25":{"start":{"line":68,"column":24},"end":{"line":68,"column":68}},"26":{"start":{"line":69,"column":20},"end":{"line":69,"column":68}},"27":{"start":{"line":71,"column":19},"end":{"line":71,"column":48}},"28":{"start":{"line":75,"column":27},"end":{"line":78,"column":3}},"29":{"start":{"line":80,"column":22},"end":{"line":83,"column":3}},"30":{"start":{"line":86,"column":27},"end":{"line":86,"column":71}},"31":{"start":{"line":87,"column":21},"end":{"line":87,"column":84}},"32":{"start":{"line":89,"column":19},"end":{"line":89,"column":49}},"33":{"start":{"line":91,"column":2},"end":{"line":95,"column":4}}},"fnMap":{"0":{"name":"(anonymous_0)","decl":{"start":{"line":10,"column":23},"end":{"line":10,"column":24}},"loc":{"start":{"line":10,"column":39},"end":{"line":20,"column":1}},"line":10},"1":{"name":"(anonymous_1)","decl":{"start":{"line":23,"column":23},"end":{"line":23,"column":24}},"loc":{"start":{"line":23,"column":35},"end":{"line":26,"column":1}},"line":23},"2":{"name":"(anonymous_2)","decl":{"start":{"line":29,"column":23},"end":{"line":29,"column":24}},"loc":{"start":{"line":29,"column":44},"end":{"line":31,"column":1}},"line":29},"3":{"name":"(anonymous_3)","decl":{"start":{"line":33,"column":23},"end":{"line":33,"column":24}},"loc":{"start":{"line":33,"column":42},"end":{"line":96,"column":1}},"line":33}},"branchMap":{"0":{"loc":{"start":{"line":15,"column":2},"end":{"line":17,"column":3}},"type":"if","locations":[{"start":{"line":15,"column":2},"end":{"line":17,"column":3}},{"start":{},"end":{}}],"line":15},"1":{"loc":{"start":{"line":24,"column":2},"end":{"line":24,"column":49}},"type":"if","locations":[{"start":{"line":24,"column":2},"end":{"line":24,"column":49}},{"start":{},"end":{}}],"line":24},"2":{"loc":{"start":{"line":34,"column":2},"end":{"line":40,"column":3}},"type":"if","locations":[{"start":{"line":34,"column":2},"end":{"line":40,"column":3}},{"start":{},"end":{}}],"line":34},"3":{"loc":{"start":{"line":34,"column":6},"end":{"line":34,"column":49}},"type":"binary-expr","locations":[{"start":{"line":34,"column":6},"end":{"line":34,"column":20}},{"start":{"line":34,"column":24},"end":{"line":34,"column":49}}],"line":34}},"s":{"0":0,"1":0,"2":0,"3":0,"4":0,"5":0,"6":0,"7":0,"8":0,"9":0,"10":0,"11":0,"12":0,"13":0,"14":0,"15":0,"16":0,"17":0,"18":0,"19":0,"20":0,"21":0,"22":0,"23":0,"24":0,"25":0,"26":0,"27":0,"28":0,"29":0,"30":0,"31":0,"32":0,"33":0},"f":{"0":0,"1":0,"2":0,"3":0},"b":{"0":[0,0],"1":[0,0],"2":[0,0],"3":[0,0]}}
}
